2024-04-07T00:00:46.733+05:30  INFO 2912 --- [SpringMvcProject] [File Watcher] rtingClassPathChangeChangedEventListener : Restarting due to 1 class path change (0 additions, 0 deletions, 1 modification)
2024-04-07T00:00:47.092+05:30  INFO 2912 --- [SpringMvcProject] [restartedMain] c.l.m.S.SpringMvcProjectApplication      : Starting SpringMvcProjectApplication using Java 21.0.2 with PID 2912 (E:\Master SpringBoot With Project (LCWD)\SpringMvcProject\target\classes started by Sweeti Pal in E:\Master SpringBoot With Project (LCWD)\SpringMvcProject)
2024-04-07T00:00:47.093+05:30  INFO 2912 --- [SpringMvcProject] [restartedMain] c.l.m.S.SpringMvcProjectApplication      : No active profile set, falling back to 1 default profile: "default"
2024-04-07T00:00:49.599+05:30  INFO 2912 --- [SpringMvcProject] [restartedMain] o.s.b.w.embedded.tomcat.TomcatWebServer  : Tomcat initialized with port 8080 (http)
2024-04-07T00:00:49.603+05:30  INFO 2912 --- [SpringMvcProject] [restartedMain] o.apache.catalina.core.StandardService   : Starting service [Tomcat]
2024-04-07T00:00:49.604+05:30  INFO 2912 --- [SpringMvcProject] [restartedMain] o.apache.catalina.core.StandardEngine    : Starting Servlet engine: [Apache Tomcat/10.1.19]
2024-04-07T00:00:49.640+05:30  INFO 2912 --- [SpringMvcProject] [restartedMain] o.a.c.c.C.[Tomcat].[localhost].[/]       : Initializing Spring embedded WebApplicationContext
2024-04-07T00:00:49.641+05:30  INFO 2912 --- [SpringMvcProject] [restartedMain] w.s.c.ServletWebServerApplicationContext : Root WebApplicationContext: initialization completed in 2535 ms
2024-04-07T00:00:49.993+05:30  WARN 2912 --- [SpringMvcProject] [restartedMain] ion$DefaultTemplateResolverConfiguration : Cannot find template location: classpath:/templates/ (please add some templates, check your Thymeleaf configuration, or set spring.thymeleaf.check-template-location=false)
2024-04-07T00:00:50.052+05:30  INFO 2912 --- [SpringMvcProject] [restartedMain] o.s.b.d.a.OptionalLiveReloadServer       : LiveReload server is running on port 35729
2024-04-07T00:00:50.101+05:30  INFO 2912 --- [SpringMvcProject] [restartedMain] o.s.b.w.embedded.tomcat.TomcatWebServer  : Tomcat started on port 8080 (http) with context path ''
2024-04-07T00:00:50.114+05:30  INFO 2912 --- [SpringMvcProject] [restartedMain] c.l.m.S.SpringMvcProjectApplication      : Started SpringMvcProjectApplication in 3.111 seconds (process running for 206.892)
2024-04-07T00:00:50.130+05:30  INFO 2912 --- [SpringMvcProject] [restartedMain] .ConditionEvaluationDeltaLoggingListener : Condition evaluation unchanged
2024-04-07T00:02:56.022+05:30  INFO 2912 --- [SpringMvcProject] [File Watcher] rtingClassPathChangeChangedEventListener : Restarting due to 1 class path change (0 additions, 0 deletions, 1 modification)
2024-04-07T00:02:56.320+05:30  INFO 2912 --- [SpringMvcProject] [restartedMain] c.l.m.S.SpringMvcProjectApplication      : Starting SpringMvcProjectApplication using Java 21.0.2 with PID 2912 (E:\Master SpringBoot With Project (LCWD)\SpringMvcProject\target\classes started by Sweeti Pal in E:\Master SpringBoot With Project (LCWD)\SpringMvcProject)
2024-04-07T00:02:56.321+05:30  INFO 2912 --- [SpringMvcProject] [restartedMain] c.l.m.S.SpringMvcProjectApplication      : No active profile set, falling back to 1 default profile: "default"
2024-04-07T00:02:57.212+05:30  INFO 2912 --- [SpringMvcProject] [restartedMain] o.s.b.w.embedded.tomcat.TomcatWebServer  : Tomcat initialized with port 8080 (http)
2024-04-07T00:02:57.214+05:30  INFO 2912 --- [SpringMvcProject] [restartedMain] o.apache.catalina.core.StandardService   : Starting service [Tomcat]
2024-04-07T00:02:57.214+05:30  INFO 2912 --- [SpringMvcProject] [restartedMain] o.apache.catalina.core.StandardEngine    : Starting Servlet engine: [Apache Tomcat/10.1.19]
2024-04-07T00:02:57.244+05:30  INFO 2912 --- [SpringMvcProject] [restartedMain] o.a.c.c.C.[Tomcat].[localhost].[/]       : Initializing Spring embedded WebApplicationContext
2024-04-07T00:02:57.245+05:30  INFO 2912 --- [SpringMvcProject] [restartedMain] w.s.c.ServletWebServerApplicationContext : Root WebApplicationContext: initialization completed in 908 ms
2024-04-07T00:02:57.420+05:30  WARN 2912 --- [SpringMvcProject] [restartedMain] ion$DefaultTemplateResolverConfiguration : Cannot find template location: classpath:/templates/ (please add some templates, check your Thymeleaf configuration, or set spring.thymeleaf.check-template-location=false)
2024-04-07T00:02:57.467+05:30  INFO 2912 --- [SpringMvcProject] [restartedMain] o.s.b.d.a.OptionalLiveReloadServer       : LiveReload server is running on port 35729
2024-04-07T00:02:57.490+05:30  INFO 2912 --- [SpringMvcProject] [restartedMain] o.s.b.w.embedded.tomcat.TomcatWebServer  : Tomcat started on port 8080 (http) with context path ''
2024-04-07T00:02:57.498+05:30  INFO 2912 --- [SpringMvcProject] [restartedMain] c.l.m.S.SpringMvcProjectApplication      : Started SpringMvcProjectApplication in 1.279 seconds (process running for 334.276)
2024-04-07T00:02:57.510+05:30  INFO 2912 --- [SpringMvcProject] [restartedMain] .ConditionEvaluationDeltaLoggingListener : Condition evaluation unchanged
2024-04-07T00:04:43.472+05:30  INFO 16784 --- [SpringMvcProject] [restartedMain] c.l.m.S.SpringMvcProjectApplication      : Starting SpringMvcProjectApplication using Java 21.0.2 with PID 16784 (E:\Master SpringBoot With Project (LCWD)\SpringMvcProject\target\classes started by Sweeti Pal in E:\Master SpringBoot With Project (LCWD)\SpringMvcProject)
2024-04-07T00:04:43.477+05:30  INFO 16784 --- [SpringMvcProject] [restartedMain] c.l.m.S.SpringMvcProjectApplication      : No active profile set, falling back to 1 default profile: "default"
2024-04-07T00:04:43.663+05:30  INFO 16784 --- [SpringMvcProject] [restartedMain] .e.DevToolsPropertyDefaultsPostProcessor : Devtools property defaults active! Set 'spring.devtools.add-properties' to 'false' to disable
2024-04-07T00:04:43.664+05:30  INFO 16784 --- [SpringMvcProject] [restartedMain] .e.DevToolsPropertyDefaultsPostProcessor : For additional web related logging consider setting the 'logging.level.web' property to 'DEBUG'
2024-04-07T00:04:46.163+05:30  INFO 16784 --- [SpringMvcProject] [restartedMain] o.s.b.w.embedded.tomcat.TomcatWebServer  : Tomcat initialized with port 8080 (http)
2024-04-07T00:04:46.202+05:30  INFO 16784 --- [SpringMvcProject] [restartedMain] o.apache.catalina.core.StandardService   : Starting service [Tomcat]
2024-04-07T00:04:46.203+05:30  INFO 16784 --- [SpringMvcProject] [restartedMain] o.apache.catalina.core.StandardEngine    : Starting Servlet engine: [Apache Tomcat/10.1.19]
2024-04-07T00:04:46.326+05:30  INFO 16784 --- [SpringMvcProject] [restartedMain] o.a.c.c.C.[Tomcat].[localhost].[/]       : Initializing Spring embedded WebApplicationContext
2024-04-07T00:04:46.327+05:30  INFO 16784 --- [SpringMvcProject] [restartedMain] w.s.c.ServletWebServerApplicationContext : Root WebApplicationContext: initialization completed in 2661 ms
2024-04-07T00:04:47.174+05:30  WARN 16784 --- [SpringMvcProject] [restartedMain] ion$DefaultTemplateResolverConfiguration : Cannot find template location: classpath:/templates/ (please add some templates, check your Thymeleaf configuration, or set spring.thymeleaf.check-template-location=false)
2024-04-07T00:04:47.324+05:30  INFO 16784 --- [SpringMvcProject] [restartedMain] o.s.b.d.a.OptionalLiveReloadServer       : LiveReload server is running on port 35729
2024-04-07T00:04:47.453+05:30  INFO 16784 --- [SpringMvcProject] [restartedMain] o.s.b.w.embedded.tomcat.TomcatWebServer  : Tomcat started on port 8080 (http) with context path ''
2024-04-07T00:04:47.495+05:30  INFO 16784 --- [SpringMvcProject] [restartedMain] c.l.m.S.SpringMvcProjectApplication      : Started SpringMvcProjectApplication in 5.152 seconds (process running for 7.626)
2024-04-07T00:04:55.178+05:30  INFO 16784 --- [SpringMvcProject] [http-nio-8080-exec-3] o.a.c.c.C.[Tomcat].[localhost].[/]       : Initializing Spring DispatcherServlet 'dispatcherServlet'
2024-04-07T00:04:55.181+05:30  INFO 16784 --- [SpringMvcProject] [http-nio-8080-exec-3] o.s.web.servlet.DispatcherServlet        : Initializing Servlet 'dispatcherServlet'
2024-04-07T00:04:55.187+05:30  INFO 16784 --- [SpringMvcProject] [http-nio-8080-exec-3] o.s.web.servlet.DispatcherServlet        : Completed initialization in 4 ms
2024-04-07T00:04:55.381+05:30 ERROR 16784 --- [SpringMvcProject] [http-nio-8080-exec-3] c.l.m.S.controller.ProductController     : productName samsung tv Testing argument
2024-04-07T00:04:55.387+05:30  WARN 16784 --- [SpringMvcProject] [http-nio-8080-exec-3] c.l.m.S.controller.ProductController     : product id 8598
2024-04-07T00:04:55.387+05:30  INFO 16784 --- [SpringMvcProject] [http-nio-8080-exec-3] c.l.m.S.controller.ProductController     : productName 12
2024-04-07T00:05:16.716+05:30  INFO 16784 --- [SpringMvcProject] [File Watcher] rtingClassPathChangeChangedEventListener : Restarting due to 1 class path change (0 additions, 0 deletions, 1 modification)
2024-04-07T00:05:17.003+05:30  INFO 16784 --- [SpringMvcProject] [restartedMain] c.l.m.S.SpringMvcProjectApplication      : Starting SpringMvcProjectApplication using Java 21.0.2 with PID 16784 (E:\Master SpringBoot With Project (LCWD)\SpringMvcProject\target\classes started by Sweeti Pal in E:\Master SpringBoot With Project (LCWD)\SpringMvcProject)
2024-04-07T00:05:17.005+05:30 DEBUG 16784 --- [SpringMvcProject] [restartedMain] c.l.m.S.SpringMvcProjectApplication      : Running with Spring Boot v3.2.4, Spring v6.1.5
2024-04-07T00:05:17.006+05:30  INFO 16784 --- [SpringMvcProject] [restartedMain] c.l.m.S.SpringMvcProjectApplication      : No active profile set, falling back to 1 default profile: "default"
2024-04-07T00:05:17.574+05:30  INFO 16784 --- [SpringMvcProject] [restartedMain] o.s.b.w.embedded.tomcat.TomcatWebServer  : Tomcat initialized with port 8080 (http)
2024-04-07T00:05:17.576+05:30  INFO 16784 --- [SpringMvcProject] [restartedMain] o.apache.catalina.core.StandardService   : Starting service [Tomcat]
2024-04-07T00:05:17.577+05:30  INFO 16784 --- [SpringMvcProject] [restartedMain] o.apache.catalina.core.StandardEngine    : Starting Servlet engine: [Apache Tomcat/10.1.19]
2024-04-07T00:05:17.622+05:30  INFO 16784 --- [SpringMvcProject] [restartedMain] o.a.c.c.C.[Tomcat].[localhost].[/]       : Initializing Spring embedded WebApplicationContext
2024-04-07T00:05:17.623+05:30  INFO 16784 --- [SpringMvcProject] [restartedMain] w.s.c.ServletWebServerApplicationContext : Root WebApplicationContext: initialization completed in 603 ms
2024-04-07T00:05:17.974+05:30  WARN 16784 --- [SpringMvcProject] [restartedMain] ion$DefaultTemplateResolverConfiguration : Cannot find template location: classpath:/templates/ (please add some templates, check your Thymeleaf configuration, or set spring.thymeleaf.check-template-location=false)
2024-04-07T00:05:18.030+05:30  INFO 16784 --- [SpringMvcProject] [restartedMain] o.s.b.d.a.OptionalLiveReloadServer       : LiveReload server is running on port 35729
2024-04-07T00:05:18.076+05:30  INFO 16784 --- [SpringMvcProject] [restartedMain] o.s.b.w.embedded.tomcat.TomcatWebServer  : Tomcat started on port 8080 (http) with context path ''
2024-04-07T00:05:18.098+05:30  INFO 16784 --- [SpringMvcProject] [restartedMain] c.l.m.S.SpringMvcProjectApplication      : Started SpringMvcProjectApplication in 1.21 seconds (process running for 38.23)
2024-04-07T00:05:18.149+05:30  INFO 16784 --- [SpringMvcProject] [restartedMain] .ConditionEvaluationDeltaLoggingListener : Condition evaluation unchanged
2024-04-07T00:05:24.146+05:30  INFO 16784 --- [SpringMvcProject] [http-nio-8080-exec-2] o.a.c.c.C.[Tomcat].[localhost].[/]       : Initializing Spring DispatcherServlet 'dispatcherServlet'
2024-04-07T00:05:24.147+05:30  INFO 16784 --- [SpringMvcProject] [http-nio-8080-exec-2] o.s.web.servlet.DispatcherServlet        : Initializing Servlet 'dispatcherServlet'
2024-04-07T00:05:24.149+05:30  INFO 16784 --- [SpringMvcProject] [http-nio-8080-exec-2] o.s.web.servlet.DispatcherServlet        : Completed initialization in 2 ms
2024-04-07T00:05:24.157+05:30 ERROR 16784 --- [SpringMvcProject] [http-nio-8080-exec-2] c.l.m.S.controller.ProductController     : productName samsung tv Testing argument
2024-04-07T00:05:24.160+05:30  WARN 16784 --- [SpringMvcProject] [http-nio-8080-exec-2] c.l.m.S.controller.ProductController     : product id 8598
2024-04-07T00:05:24.161+05:30  INFO 16784 --- [SpringMvcProject] [http-nio-8080-exec-2] c.l.m.S.controller.ProductController     : productName 12
2024-04-07T00:05:24.162+05:30 DEBUG 16784 --- [SpringMvcProject] [http-nio-8080-exec-2] c.l.m.S.controller.ProductController     : this is for testing
