#
# A fatal error has been detected by the Java Runtime Environment:
#
#  EXCEPTION_ACCESS_VIOLATION (0xc0000005) at pc=0x000002f30afc102c, pid=13848, tid=19768
#
# JRE version: Java(TM) SE Runtime Environment (21.0.2+13) (build 21.0.2+13-LTS-58)
# Java VM: Java HotSpot(TM) 64-Bit Server VM (21.0.2+13-LTS-58, mixed mode, emulated-client, sharing, tiered, compressed oops, compressed class ptrs, g1 gc, windows-amd64)
# Problematic frame:
# v  ~BufferBlob::MethodHandles adapters 0x000002f30afc102c
#
# No core dump will be written. Minidumps are not enabled by default on client versions of Windows
#
# If you would like to submit a bug report, please visit:
#   https://bugreport.java.com/bugreport/crash.jsp
#

---------------  S U M M A R Y ------------

Command Line: -XX:+ShowCodeDetailsInExceptionMessages -agentlib:jdwp=transport=dt_socket,suspend=y,address=localhost:63943 -Dcom.sun.management.jmxremote -Dcom.sun.management.jmxremote.port=63942 -Dcom.sun.management.jmxremote.authenticate=false -Dcom.sun.management.jmxremote.ssl=false -Djava.rmi.server.hostname=localhost -Dspring.jmx.enabled=true -Dmanagement.endpoints.jmx.exposure.include=* -Dspring.application.admin.enabled=true -XX:TieredStopAtLevel=1 -Dspring.boot.project.name=SpringMvcProject -javaagent:C:\Users\Sweeti Pal\Downloads\sts-4.19.0.RELEASE\configuration\org.eclipse.osgi\267\0\.cp\lib\javaagent-shaded.jar -Dfile.encoding=UTF-8 com.lcwd.mvc.SpringMvcProject.SpringMvcProjectApplication --spring.output.ansi.enabled=always

Host: AMD Ryzen 3 3200U with Radeon Vega Mobile Gfx  , 4 cores, 5G,  Windows 11 , 64 bit Build 22621 (10.0.22621.2506)
Time: Sat Apr  6 15:40:57 2024 India Standard Time elapsed time: 8926.406043 seconds (0d 2h 28m 46s)

---------------  T H R E A D  ---------------

Current thread (0x000002f359942510):  JavaThread "restartedMain"        [_thread_in_Java, id=19768, stack(0x000000f4bac00000,0x000000f4bad00000) (1024K)]

Stack: [0x000000f4bac00000,0x000000f4bad00000],  sp=0x000000f4bacfdac8,  free space=1014k
Native frames: (J=compiled Java code, j=interpreted, Vv=VM code, C=native code)
C  0x000002f30afc102c

The last pc belongs to _linkToSpecial (printed below).

siginfo: EXCEPTION_ACCESS_VIOLATION (0xc0000005), reading address 0xffffffffffffffff


Registers:
RAX=0x000002f30af99086, RBX=0xa3253c5000000000, RCX=0x000000f4bacfdad0, RDX=0x0000000000000002
RSP=0x000000f4bacfdac8, RBP=0x000000f4bacfdb18, RSI=0x000002f35900a228, RDI=0x000002f359bc9060
R8 =0x0000000000000004, R9 =0x0000000000000004, R10=0x00007ffeb840c610, R11=0x000002f3130b6c70
R12=0x0000000000000000, R13=0x000000f4bacfdac8, R14=0x000000f4bacfdb38, R15=0x000002f359942510
RIP=0x000002f30afc102c, EFLAGS=0x0000000000010202


Register to memory mapping:

RAX=0x000002f30af99086 is at code_begin+3078 in an Interpreter codelet
return entry points  [0x000002f30af98480, 0x000002f30af9a298]  7704 bytes
RBX=0xa3253c5000000000 is an unknown value
RCX=0x000000f4bacfdad0 is pointing into the stack for thread: 0x000002f359942510
RDX=0x0000000000000002 is an unknown value
RSP=0x000000f4bacfdac8 is pointing into the stack for thread: 0x000002f359942510
RBP=0x000000f4bacfdb18 is pointing into the stack for thread: 0x000002f359942510
RSI=0x000002f35900a228 points into unknown readable memory: 0x80001b2fa422379a | 9a 37 22 a4 2f 1b 00 80
RDI=0x000002f359bc9060 points into unknown readable memory: 0x0000001800000070 | 70 00 00 00 18 00 00 00
R8 =0x0000000000000004 is an unknown value
R9 =0x0000000000000004 is an unknown value
R10=0x00007ffeb840c610 jvm.dll
R11={method} {0x000002f3130b6c78} 'newInvokeSpecial' '(Ljava/lang/Object;)Ljava/lang/Object;' in 'java/lang/invoke/DirectMethodHandle$Holder'
R12=0x0 is null
R13=0x000000f4bacfdac8 is pointing into the stack for thread: 0x000002f359942510
R14=0x000000f4bacfdb38 is pointing into the stack for thread: 0x000002f359942510
R15=0x000002f359942510 is a thread

Top of Stack: (sp=0x000000f4bacfdac8)
0x000000f4bacfdac8:   000002f30af99086 000000f4bacfdad0
0x000000f4bacfdad8:   000002f31372de87 0000000000000004
0x000000f4bacfdae8:   000002f3130b2128 00000000a4275bd8
0x000000f4bacfdaf8:   00000000a204b680 000002f3130b6c70
0x000000f4bacfdb08:   000000f4bacfdac8 000000f4bacfdb40
0x000000f4bacfdb18:   000000f4bacfdeb0 000002f30b292e83
0x000000f4bacfdb28:   00000000a3253b58 00000000a3253c00
0x000000f4bacfdb38:   00000000a3253bb8 00000000a3253968
0x000000f4bacfdb48:   000000f4bacfb2b0 000000f4bacfdeb0
0x000000f4bacfdb58:   000002f30b808c7c 000002f312a2bf70
0x000000f4bacfdb68:   00007ffeb7d37bfe 000002f359942510
0x000000f4bacfdb78:   000002f312a2bf70 0000000000000000
0x000000f4bacfdb88:   0000000000000000 000002f3586ba808
0x000000f4bacfdb98:   00007ffeee0f4666 00007ffeee102c88
0x000000f4bacfdba8:   000002f312a2bf70 000002f358f6b820
0x000000f4bacfdbb8:   00000000a204a798 00000000a4275bd8
0x000000f4bacfdbc8:   00000000a3253830 00000000a3253830
0x000000f4bacfdbd8:   00000000a3253968 00000000a3253be8
0x000000f4bacfdbe8:   00000000a32539c0 00000000a4275bd8
0x000000f4bacfdbf8:   0000000000000001 000000f4bacfdeb0
0x000000f4bacfdc08:   000002f300000000 0000000000000000
0x000000f4bacfdc18:   0000000000000000 00000000a3253bb8
0x000000f4bacfdc28:   000002f30b29965c 0000000000000000
0x000000f4bacfdc38:   0000000000000000 0000000000000000
0x000000f4bacfdc48:   000002f3548d7b00 000002f359942510
0x000000f4bacfdc58:   0000000000000000 00000000a3253968
0x000000f4bacfdc68:   0000000000000000 00000000a3253830
0x000000f4bacfdc78:   00000000a3253be8 00000000a3253968
0x000000f4bacfdc88:   0000000000000000 00000000a3253900
0x000000f4bacfdc98:   000002f30b2923b4 000000f4bacfdeb0
0x000000f4bacfdca8:   000002f30b291cea 0000000000000000
0x000000f4bacfdcb8:   000002f30b218229 000002f359942510 

Instructions: (pc=0x000002f30afc102c)
0x000002f30afc0f2c:   8b 59 14 8b 5b 28 8b 5b 24 48 8b 5b 10 48 85 db
0x000002f30afc0f3c:   0f 84 10 00 00 00 41 80 bf e0 05 00 00 00 74 03
0x000002f30afc0f4c:   ff 63 38 ff 63 50 e9 a9 16 00 00 66 0f 1f 84 00
0x000002f30afc0f5c:   00 00 00 00 48 8b 53 08 0f b7 52 2e 48 8b 0c d4
0x000002f30afc0f6c:   58 5b 50 44 8b 51 08 49 bb 00 00 00 13 f3 02 00
0x000002f30afc0f7c:   00 4d 03 d3 4c 8b 5b 10 4b 8b 9c da c8 01 00 00
0x000002f30afc0f8c:   48 85 db 0f 84 10 00 00 00 41 80 bf e0 05 00 00
0x000002f30afc0f9c:   00 74 03 ff 63 38 ff 63 50 e9 56 16 00 00 66 66
0x000002f30afc0fac:   66 0f 1f 84 00 00 00 00 00 66 66 66 0f 1f 84 00
0x000002f30afc0fbc:   00 00 00 00 58 5b 50 8b 5b 24 48 8b 5b 10 48 85
0x000002f30afc0fcc:   db 0f 84 10 00 00 00 41 80 bf e0 05 00 00 00 74
0x000002f30afc0fdc:   03 ff 63 38 ff 63 50 e9 18 16 00 00 66 66 66 0f
0x000002f30afc0fec:   1f 84 00 00 00 00 00 0f 1f 80 00 00 00 00 66 0f
0x000002f30afc0ffc:   1f 44 00 00 48 8b 53 08 0f b7 52 2e 48 8b 0c d4
0x000002f30afc100c:   58 5b 50 48 3b 01 8b 5b 24 48 8b 5b 10 48 85 db
0x000002f30afc101c:   0f 84 10 00 00 00 41 80 bf e0 05 00 00 00 74 03
0x000002f30afc102c:   ff 63 38 ff 63 50 e9 c9 15 00 00 66 0f 1f 84 00
0x000002f30afc103c:   00 00 00 00 48 8b 53 08 0f b7 52 2e 48 8b 0c d4
0x000002f30afc104c:   58 5b 50 44 8b 51 08 49 bb 00 00 00 13 f3 02 00
0x000002f30afc105c:   00 4d 03 d3 8b 43 18 48 8b 40 10 48 8b 5b 10 45
0x000002f30afc106c:   8b 9a a0 00 00 00 4f 8d 9c da c8 01 00 00 4d 8d
0x000002f30afc107c:   14 da 49 8b 1b 48 3b c3 74 15 48 85 db 0f 84 32
0x000002f30afc108c:   00 00 00 49 83 c3 10 49 8b 1b 48 3b c3 75 eb 45
0x000002f30afc109c:   8b 5b 08 4b 8b 1c 1a 48 85 db 0f 84 10 00 00 00
0x000002f30afc10ac:   41 80 bf e0 05 00 00 00 74 03 ff 63 38 ff 63 50
0x000002f30afc10bc:   e9 3f 15 00 00 e9 3a 12 00 00 f4 00 00 00 00 00
0x000002f30afc10cc:   00 00 00 00 00 00 00 00 00 00 00 00 00 00 00 00
0x000002f30afc10dc:   00 00 00 00 00 00 00 00 00 00 00 00 00 00 00 00
0x000002f30afc10ec:   00 00 00 00 00 00 00 00 00 00 00 00 00 00 00 00
0x000002f30afc10fc:   00 00 00 00 00 00 00 00 00 00 00 00 00 00 00 00
0x000002f30afc110c:   00 00 00 00 00 00 00 00 00 00 00 00 00 00 00 00
0x000002f30afc111c:   00 00 00 00 00 00 00 00 00 00 00 00 00 00 00 00 


Stack slot to memory mapping:

stack at sp + 0 slots: 0x000002f30af99086 is at code_begin+3078 in an Interpreter codelet
return entry points  [0x000002f30af98480, 0x000002f30af9a298]  7704 bytes
stack at sp + 1 slots: 0x000000f4bacfdad0 is pointing into the stack for thread: 0x000002f359942510
stack at sp + 2 slots: 0x000002f31372de87 is pointing into metadata
stack at sp + 3 slots: 0x0000000000000004 is an unknown value
stack at sp + 4 slots: 0x000002f3130b2128 is pointing into metadata
stack at sp + 5 slots: 0x00000000a4275bd8 is an oop: java.lang.Class 
{0x00000000a4275bd8} - klass: 'java/lang/Class'
 - ---- fields (total size 14 words):
 - private volatile transient 'classRedefinedCount' 'I' @12  1 (0x00000001)
 - injected 'klass' 'J' @16  3243040711168 (0x000002f3144a2200)
 - injected 'array_klass' 'J' @24  0 (0x0000000000000000)
 - injected 'oop_size' 'I' @32  14 (0x0000000e)
 - injected 'static_oop_field_count' 'I' @36  0 (0x00000000)
 - private volatile transient 'cachedConstructor' 'Ljava/lang/reflect/Constructor;' @40  null (0x00000000)
 - private transient 'name' 'Ljava/lang/String;' @44  "com.lcwd.mvc.SpringMvcProject.controller.ApiController"{0x00000000a23c3480} (0xa23c3480)
 - private transient 'module' 'Ljava/lang/Module;' @48  a 'java/lang/Module'{0x00000000a4900300} (0xa4900300)
 - private final 'classLoader' 'Ljava/lang/ClassLoader;' @52  a 'org/springframework/boot/devtools/restart/classloader/RestartClassLoader'{0x00000000a4900170} (0xa4900170)
 - private transient 'classData' 'Ljava/lang/Object;' @56  null (0x00000000)
 - private transient 'packageName' 'Ljava/lang/String;' @60  "com.lcwd.mvc.SpringMvcProject.controller"{0x00000000a23c34e0} (0xa23c34e0)
 - private final 'componentType' 'Ljava/lang/Class;' @64  null (0x00000000)
 - private volatile transient 'reflectionData' 'Ljava/lang/ref/SoftReference;' @68  a 'java/lang/ref/SoftReference'{0x00000000a3250cd8} (0xa3250cd8)
 - private volatile transient 'genericInfo' 'Lsun/reflect/generics/repository/ClassRepository;' @72  null (0x00000000)
 - private volatile transient 'enumConstants' '[Ljava/lang/Object;' @76  null (0x00000000)
 - private volatile transient 'enumConstantDirectory' 'Ljava/util/Map;' @80  null (0x00000000)
 - private volatile transient 'annotationData' 'Ljava/lang/Class$AnnotationData;' @84  null (0x00000000)
 - private volatile transient 'annotationType' 'Lsun/reflect/annotation/AnnotationType;' @88  null (0x00000000)
 - transient 'classValueMap' 'Ljava/lang/ClassValue$ClassValueMap;' @92  null (0x00000000)
 - injected 'protection_domain' 'Ljava/lang/Object;' @96  a 'java/security/ProtectionDomain'{0x00000000a49110f8} (0xa49110f8)
 - injected 'signers_name' 'Ljava/lang/Object;' @100  null (0x00000000)
 - injected 'source_file' 'Ljava/lang/Object;' @104  null (0x00000000)
 - signature: Lcom/lcwd/mvc/SpringMvcProject/controller/ApiController;
 - ---- static fields (0):
stack at sp + 6 slots: 0x00000000a204b680 is an oop: java.lang.Class 
{0x00000000a204b680} - klass: 'java/lang/Class'
 - ---- fields (total size 14 words):
 - private volatile transient 'classRedefinedCount' 'I' @12  0 (0x00000000)
 - injected 'klass' 'J' @16  3243019803896 (0x000002f3130b1cf8)
 - injected 'array_klass' 'J' @24  0 (0x0000000000000000)
 - injected 'oop_size' 'I' @32  14 (0x0000000e)
 - injected 'static_oop_field_count' 'I' @36  0 (0x00000000)
 - private volatile transient 'cachedConstructor' 'Ljava/lang/reflect/Constructor;' @40  null (0x00000000)
 - private transient 'name' 'Ljava/lang/String;' @44  null (0x00000000)
 - private transient 'module' 'Ljava/lang/Module;' @48  a 'java/lang/Module'{0x00000000a1fea2b8} (0xa1fea2b8)
 - private final 'classLoader' 'Ljava/lang/ClassLoader;' @52  null (0x00000000)
 - private transient 'classData' 'Ljava/lang/Object;' @56  null (0x00000000)
 - private transient 'packageName' 'Ljava/lang/String;' @60  null (0x00000000)
 - private final 'componentType' 'Ljava/lang/Class;' @64  null (0x00000000)
 - private volatile transient 'reflectionData' 'Ljava/lang/ref/SoftReference;' @68  null (0x00000000)
 - private volatile transient 'genericInfo' 'Lsun/reflect/generics/repository/ClassRepository;' @72  null (0x00000000)
 - private volatile transient 'enumConstants' '[Ljava/lang/Object;' @76  null (0x00000000)
 - private volatile transient 'enumConstantDirectory' 'Ljava/util/Map;' @80  null (0x00000000)
 - private volatile transient 'annotationData' 'Ljava/lang/Class$AnnotationData;' @84  null (0x00000000)
 - private volatile transient 'annotationType' 'Lsun/reflect/annotation/AnnotationType;' @88  null (0x00000000)
 - transient 'classValueMap' 'Ljava/lang/ClassValue$ClassValueMap;' @92  null (0x00000000)
 - injected 'protection_domain' 'Ljava/lang/Object;' @96  null (0x00000000)
 - injected 'signers_name' 'Ljava/lang/Object;' @100  null (0x00000000)
 - injected 'source_file' 'Ljava/lang/Object;' @104  null (0x00000000)
 - signature: Ljava/lang/invoke/DirectMethodHandle$Holder;
 - ---- static fields (0):
stack at sp + 7 slots: {method} {0x000002f3130b6c78} 'newInvokeSpecial' '(Ljava/lang/Object;)Ljava/lang/Object;' in 'java/lang/invoke/DirectMethodHandle$Holder'

MethodHandle::interpreter_entry::_linkToSpecial [0x000002f30afc0fe8, 0x000002f30afc1037] (79 bytes)
[MachCode]
  0x000002f30afc0fe8: 6666 660f | 1f84 0000 | 0000 000f | 1f80 0000 | 0000 660f | 1f44 0000 | 488b 5308 | 0fb7 522e 
  0x000002f30afc1008: 488b 0cd4 | 585b 5048 | 3b01 8b5b | 2448 8b5b | 1048 85db | 0f84 1000 | 0000 4180 | bfe0 0500 
  0x000002f30afc1028: 0000 7403 | ff63 38ff | 6350 e9c9 | 
[/MachCode]

---------------  P R O C E S S  ---------------

Threads class SMR info:
_java_thread_list=0x000002f358ff2bd0, length=25, elements={
0x000002f3127a3010, 0x000002f3127a3c20, 0x000002f3127a8410, 0x000002f3127a9070,
0x000002f3127ab560, 0x000002f3127b3600, 0x000002f3127b47a0, 0x000002f31283c010,
0x000002f312a31f50, 0x000002f312a07d30, 0x000002f312a083b0, 0x000002f312d40c10,
0x000002f3584fd040, 0x000002f35850acc0, 0x000002f358528ee0, 0x000002f35898ffd0,
0x000002f35899aff0, 0x000002f35993fdb0, 0x000002f359940440, 0x000002f358a40c00,
0x000002f359940ad0, 0x000002f359942510, 0x000002f3599445e0, 0x000002f359946020,
0x000002f359941160
}

Java Threads: ( => current thread )
  0x000002f3127a3010 JavaThread "Reference Handler"          daemon [_thread_blocked, id=15332, stack(0x000000f4bb500000,0x000000f4bb600000) (1024K)]
  0x000002f3127a3c20 JavaThread "Finalizer"                  daemon [_thread_blocked, id=6612, stack(0x000000f4bb600000,0x000000f4bb700000) (1024K)]
  0x000002f3127a8410 JavaThread "Signal Dispatcher"          daemon [_thread_blocked, id=1364, stack(0x000000f4bb700000,0x000000f4bb800000) (1024K)]
  0x000002f3127a9070 JavaThread "Attach Listener"            daemon [_thread_blocked, id=16896, stack(0x000000f4bb800000,0x000000f4bb900000) (1024K)]
  0x000002f3127ab560 JavaThread "Service Thread"             daemon [_thread_blocked, id=18024, stack(0x000000f4bb900000,0x000000f4bba00000) (1024K)]
  0x000002f3127b3600 JavaThread "Monitor Deflation Thread"   daemon [_thread_blocked, id=14060, stack(0x000000f4bba00000,0x000000f4bbb00000) (1024K)]
  0x000002f3127b47a0 JavaThread "C1 CompilerThread0"         daemon [_thread_blocked, id=18540, stack(0x000000f4bbb00000,0x000000f4bbc00000) (1024K)]
  0x000002f31283c010 JavaThread "Common-Cleaner"             daemon [_thread_blocked, id=11684, stack(0x000000f4bbc00000,0x000000f4bbd00000) (1024K)]
  0x000002f312a31f50 JavaThread "JDWP Transport Listener: dt_socket" daemon [_thread_blocked, id=18512, stack(0x000000f4bbe00000,0x000000f4bbf00000) (1024K)]
  0x000002f312a07d30 JavaThread "JDWP Event Helper Thread"   daemon [_thread_blocked, id=10652, stack(0x000000f4bbf00000,0x000000f4bc000000) (1024K)]
  0x000002f312a083b0 JavaThread "JDWP Command Reader"        daemon [_thread_blocked, id=14608, stack(0x000000f4bc000000,0x000000f4bc100000) (1024K)]
  0x000002f312d40c10 JavaThread "Notification Thread"        daemon [_thread_blocked, id=8740, stack(0x000000f4bc100000,0x000000f4bc200000) (1024K)]
  0x000002f3584fd040 JavaThread "RMI TCP Accept-0"           daemon [_thread_in_native, id=20332, stack(0x000000f4bc500000,0x000000f4bc600000) (1024K)]
  0x000002f35850acc0 JavaThread "RMI TCP Accept-63942"       daemon [_thread_in_native, id=9828, stack(0x000000f4bc600000,0x000000f4bc700000) (1024K)]
  0x000002f358528ee0 JavaThread "RMI TCP Accept-0"           daemon [_thread_in_native, id=19688, stack(0x000000f4bc700000,0x000000f4bc800000) (1024K)]
  0x000002f35898ffd0 JavaThread "RMI Scheduler(0)"           daemon [_thread_blocked, id=20108, stack(0x000000f4bc900000,0x000000f4bca00000) (1024K)]
  0x000002f35899aff0 JavaThread "JMX server connection timeout 33" daemon [_thread_blocked, id=17016, stack(0x000000f4bcb00000,0x000000f4bcc00000) (1024K)]
  0x000002f35993fdb0 JavaThread "Live Reload Server"         daemon [_thread_in_native, id=13692, stack(0x000000f4bd400000,0x000000f4bd500000) (1024K)]
  0x000002f359940440 JavaThread "DestroyJavaVM"                     [_thread_blocked, id=16140, stack(0x000000f4bad00000,0x000000f4bae00000) (1024K)]
  0x000002f358a40c00 JavaThread "RMI TCP Connection(idle)"   daemon [_thread_blocked, id=9280, stack(0x000000f4bde00000,0x000000f4bdf00000) (1024K)]
  0x000002f359940ad0 JavaThread "Thread-7"                          [_thread_blocked, id=16328, stack(0x000000f4baa00000,0x000000f4bab00000) (1024K)]
=>0x000002f359942510 JavaThread "restartedMain"                     [_thread_in_Java, id=19768, stack(0x000000f4bac00000,0x000000f4bad00000) (1024K)]
  0x000002f3599445e0 JavaThread "Catalina-utility-1"                [_thread_blocked, id=20432, stack(0x000000f4bc800000,0x000000f4bc900000) (1024K)]
  0x000002f359946020 JavaThread "Catalina-utility-2"                [_thread_blocked, id=20448, stack(0x000000f4bca00000,0x000000f4bcb00000) (1024K)]
  0x000002f359941160 JavaThread "container-0"                       [_thread_blocked, id=2904, stack(0x000000f4bcc00000,0x000000f4bcd00000) (1024K)]
Total: 25

Other Threads:
  0x000002f312783430 VMThread "VM Thread"                           [id=19748, stack(0x000000f4bb400000,0x000000f4bb500000) (1024K)] _threads_hazard_ptr=0x000002f358ff2bd0
  0x000002f31276b490 WatcherThread "VM Periodic Task Thread"        [id=4368, stack(0x000000f4bb300000,0x000000f4bb400000) (1024K)]
  0x000002f3013a2760 WorkerThread "GC Thread#0"                     [id=8724, stack(0x000000f4bae00000,0x000000f4baf00000) (1024K)]
  0x000002f35849a0e0 WorkerThread "GC Thread#1"                     [id=3108, stack(0x000000f4bc200000,0x000000f4bc300000) (1024K)]
  0x000002f3584b34a0 WorkerThread "GC Thread#2"                     [id=9792, stack(0x000000f4bc300000,0x000000f4bc400000) (1024K)]
  0x000002f3584b3840 WorkerThread "GC Thread#3"                     [id=6744, stack(0x000000f4bc400000,0x000000f4bc500000) (1024K)]
  0x000002f3013af220 ConcurrentGCThread "G1 Main Marker"            [id=19076, stack(0x000000f4baf00000,0x000000f4bb000000) (1024K)]
  0x000002f3013afbc0 WorkerThread "G1 Conc#0"                       [id=15896, stack(0x000000f4bb000000,0x000000f4bb100000) (1024K)]
  0x000002f30141ccb0 ConcurrentGCThread "G1 Refine#0"               [id=7812, stack(0x000000f4bb100000,0x000000f4bb200000) (1024K)]
  0x000002f30141d6c0 ConcurrentGCThread "G1 Service"                [id=18976, stack(0x000000f4bb200000,0x000000f4bb300000) (1024K)]
Total: 10

Threads with active compile tasks:
Total: 0

VM state: synchronizing (normal execution)

VM Mutex/Monitor currently owned by a thread:  ([mutex/lock_event])
[0x00007ffeb83fcd68] Threads_lock - owner thread: 0x000002f312783430

Heap address: 0x00000000a1e00000, size: 1506 MB, Compressed Oops mode: 32-bit

CDS archive(s) mapped at: [0x000002f313000000-0x000002f313c90000-0x000002f313c90000), size 13172736, SharedBaseAddress: 0x000002f313000000, ArchiveRelocationMode: 1.
Compressed class space mapped at: 0x000002f314000000-0x000002f354000000, reserved size: 1073741824
Narrow klass base: 0x000002f313000000, Narrow klass shift: 0, Narrow klass range: 0x100000000

GC Precious Log:
 CardTable entry size: 512
 Card Set container configuration: InlinePtr #cards 5 size 8 Array Of Cards #cards 12 size 40 Howl #buckets 4 coarsen threshold 1843 Howl Bitmap #cards 512 size 80 coarsen threshold 460 Card regions per heap region 1 cards per card region 2048
 CPUs: 4 total, 4 available
 Memory: 6020M
 Large Page Support: Disabled
 NUMA Support: Disabled
 Compressed Oops: Enabled (32-bit)
 Heap Region Size: 1M
 Heap Min Capacity: 8M
 Heap Initial Capacity: 96M
 Heap Max Capacity: 1506M
 Pre-touch: Disabled
 Parallel Workers: 4
 Concurrent Workers: 1
 Concurrent Refinement Workers: 4
 Periodic GC: Disabled

Heap:
 garbage-first heap   total 45056K, used 34633K [0x00000000a1e00000, 0x0000000100000000)
  region size 1024K, 24 young (24576K), 0 survivors (0K)
 Metaspace       used 33197K, committed 34176K, reserved 1114112K
  class space    used 4370K, committed 4736K, reserved 1048576K

Heap Regions: E=young(eden), S=young(survivor), O=old, HS=humongous(starts), HC=humongous(continues), CS=collection set, F=free, TAMS=top-at-mark-start, PB=parsable bottom
|   0|0x00000000a1e00000, 0x00000000a1effff8, 0x00000000a1f00000| 99%| O|  |TAMS 0x00000000a1e00000| PB 0x00000000a1e00000| Untracked 
|   1|0x00000000a1f00000, 0x00000000a1ffffe0, 0x00000000a2000000| 99%| O|  |TAMS 0x00000000a1f00000| PB 0x00000000a1f00000| Untracked 
|   2|0x00000000a2000000, 0x00000000a20fffd0, 0x00000000a2100000| 99%| O|  |TAMS 0x00000000a2000000| PB 0x00000000a2000000| Untracked 
|   3|0x00000000a2100000, 0x00000000a21ffff0, 0x00000000a2200000| 99%| O|  |TAMS 0x00000000a2100000| PB 0x00000000a2100000| Untracked 
|   4|0x00000000a2200000, 0x00000000a22ffff0, 0x00000000a2300000| 99%| O|  |TAMS 0x00000000a2200000| PB 0x00000000a2200000| Untracked 
|   5|0x00000000a2300000, 0x00000000a2400000, 0x00000000a2400000|100%| O|  |TAMS 0x00000000a2300000| PB 0x00000000a2300000| Untracked 
|   6|0x00000000a2400000, 0x00000000a24ffff0, 0x00000000a2500000| 99%| O|  |TAMS 0x00000000a2400000| PB 0x00000000a2400000| Untracked 
|   7|0x00000000a2500000, 0x00000000a25fffe8, 0x00000000a2600000| 99%| O|  |TAMS 0x00000000a2500000| PB 0x00000000a2500000| Untracked 
|   8|0x00000000a2600000, 0x00000000a26fffe8, 0x00000000a2700000| 99%| O|  |TAMS 0x00000000a2600000| PB 0x00000000a2600000| Untracked 
|   9|0x00000000a2700000, 0x00000000a279b908, 0x00000000a2800000| 60%| O|  |TAMS 0x00000000a2700000| PB 0x00000000a2700000| Untracked 
|  10|0x00000000a2800000, 0x00000000a28e7df0, 0x00000000a2900000| 90%| O|  |TAMS 0x00000000a2800000| PB 0x00000000a2800000| Untracked 
|  11|0x00000000a2900000, 0x00000000a29ffff8, 0x00000000a2a00000| 99%| O|  |TAMS 0x00000000a2900000| PB 0x00000000a2900000| Untracked 
|  12|0x00000000a2a00000, 0x00000000a2a00000, 0x00000000a2b00000|  0%| F|  |TAMS 0x00000000a2a00000| PB 0x00000000a2a00000| Untracked 
|  13|0x00000000a2b00000, 0x00000000a2b00000, 0x00000000a2c00000|  0%| F|  |TAMS 0x00000000a2b00000| PB 0x00000000a2b00000| Untracked 
|  14|0x00000000a2c00000, 0x00000000a2c4eff8, 0x00000000a2d00000| 30%| O|  |TAMS 0x00000000a2c00000| PB 0x00000000a2c00000| Untracked 
|  15|0x00000000a2d00000, 0x00000000a2d00000, 0x00000000a2e00000|  0%| F|  |TAMS 0x00000000a2d00000| PB 0x00000000a2d00000| Untracked 
|  16|0x00000000a2e00000, 0x00000000a2e00000, 0x00000000a2f00000|  0%| F|  |TAMS 0x00000000a2e00000| PB 0x00000000a2e00000| Untracked 
|  17|0x00000000a2f00000, 0x00000000a2f00000, 0x00000000a3000000|  0%| F|  |TAMS 0x00000000a2f00000| PB 0x00000000a2f00000| Untracked 
|  18|0x00000000a3000000, 0x00000000a3000000, 0x00000000a3100000|  0%| F|  |TAMS 0x00000000a3000000| PB 0x00000000a3000000| Untracked 
|  19|0x00000000a3100000, 0x00000000a3100000, 0x00000000a3200000|  0%| F|  |TAMS 0x00000000a3100000| PB 0x00000000a3100000| Untracked 
|  20|0x00000000a3200000, 0x00000000a32949d8, 0x00000000a3300000| 58%| E|  |TAMS 0x00000000a3200000| PB 0x00000000a3200000| Complete 
|  21|0x00000000a3300000, 0x00000000a3400000, 0x00000000a3400000|100%| E|CS|TAMS 0x00000000a3300000| PB 0x00000000a3300000| Complete 
|  22|0x00000000a3400000, 0x00000000a3500000, 0x00000000a3500000|100%| E|CS|TAMS 0x00000000a3400000| PB 0x00000000a3400000| Complete 
|  23|0x00000000a3500000, 0x00000000a3600000, 0x00000000a3600000|100%| E|CS|TAMS 0x00000000a3500000| PB 0x00000000a3500000| Complete 
|  24|0x00000000a3600000, 0x00000000a3700000, 0x00000000a3700000|100%| E|CS|TAMS 0x00000000a3600000| PB 0x00000000a3600000| Complete 
|  25|0x00000000a3700000, 0x00000000a3800000, 0x00000000a3800000|100%| E|CS|TAMS 0x00000000a3700000| PB 0x00000000a3700000| Complete 
|  26|0x00000000a3800000, 0x00000000a3900000, 0x00000000a3900000|100%| E|CS|TAMS 0x00000000a3800000| PB 0x00000000a3800000| Complete 
|  27|0x00000000a3900000, 0x00000000a3a00000, 0x00000000a3a00000|100%| E|CS|TAMS 0x00000000a3900000| PB 0x00000000a3900000| Complete 
|  28|0x00000000a3a00000, 0x00000000a3b00000, 0x00000000a3b00000|100%| E|CS|TAMS 0x00000000a3a00000| PB 0x00000000a3a00000| Complete 
|  29|0x00000000a3b00000, 0x00000000a3c00000, 0x00000000a3c00000|100%| E|CS|TAMS 0x00000000a3b00000| PB 0x00000000a3b00000| Complete 
|  30|0x00000000a3c00000, 0x00000000a3d00000, 0x00000000a3d00000|100%| E|CS|TAMS 0x00000000a3c00000| PB 0x00000000a3c00000| Complete 
|  31|0x00000000a3d00000, 0x00000000a3e00000, 0x00000000a3e00000|100%| E|CS|TAMS 0x00000000a3d00000| PB 0x00000000a3d00000| Complete 
|  32|0x00000000a3e00000, 0x00000000a3f00000, 0x00000000a3f00000|100%| E|CS|TAMS 0x00000000a3e00000| PB 0x00000000a3e00000| Complete 
|  33|0x00000000a3f00000, 0x00000000a4000000, 0x00000000a4000000|100%| E|CS|TAMS 0x00000000a3f00000| PB 0x00000000a3f00000| Complete 
|  34|0x00000000a4000000, 0x00000000a4100000, 0x00000000a4100000|100%| E|CS|TAMS 0x00000000a4000000| PB 0x00000000a4000000| Complete 
|  35|0x00000000a4100000, 0x00000000a4200000, 0x00000000a4200000|100%| E|  |TAMS 0x00000000a4100000| PB 0x00000000a4100000| Complete 
|  36|0x00000000a4200000, 0x00000000a4300000, 0x00000000a4300000|100%| E|CS|TAMS 0x00000000a4200000| PB 0x00000000a4200000| Complete 
|  37|0x00000000a4300000, 0x00000000a4400000, 0x00000000a4400000|100%| E|CS|TAMS 0x00000000a4300000| PB 0x00000000a4300000| Complete 
|  38|0x00000000a4400000, 0x00000000a4500000, 0x00000000a4500000|100%| E|CS|TAMS 0x00000000a4400000| PB 0x00000000a4400000| Complete 
|  39|0x00000000a4500000, 0x00000000a4600000, 0x00000000a4600000|100%| E|CS|TAMS 0x00000000a4500000| PB 0x00000000a4500000| Complete 
|  40|0x00000000a4600000, 0x00000000a4700000, 0x00000000a4700000|100%| E|CS|TAMS 0x00000000a4600000| PB 0x00000000a4600000| Complete 
|  41|0x00000000a4700000, 0x00000000a4800000, 0x00000000a4800000|100%| E|CS|TAMS 0x00000000a4700000| PB 0x00000000a4700000| Complete 
|  42|0x00000000a4800000, 0x00000000a4900000, 0x00000000a4900000|100%| E|CS|TAMS 0x00000000a4800000| PB 0x00000000a4800000| Complete 
|  43|0x00000000a4900000, 0x00000000a4a00000, 0x00000000a4a00000|100%| E|CS|TAMS 0x00000000a4900000| PB 0x00000000a4900000| Complete 

Card table byte_map: [0x000002f30e730000,0x000002f30ea30000] _byte_map_base: 0x000002f30e221000

Marking Bits: (CMBitMap*) 0x000002f3013a2d00
 Bits: [0x000002f30ea30000, 0x000002f3101b8000)

Polling page: 0x000002f301420000

Metaspace:

Usage:
  Non-class:     28.15 MB used.
      Class:      4.27 MB used.
       Both:     32.42 MB used.

Virtual space:
  Non-class space:       64.00 MB reserved,      28.75 MB ( 45%) committed,  1 nodes.
      Class space:        1.00 GB reserved,       4.62 MB ( <1%) committed,  1 nodes.
             Both:        1.06 GB reserved,      33.38 MB (  3%) committed. 

Chunk freelists:
   Non-Class:  2.96 MB
       Class:  11.49 MB
        Both:  14.45 MB

MaxMetaspaceSize: unlimited
CompressedClassSpaceSize: 1.00 GB
Initial GC threshold: 21.00 MB
Current GC threshold: 55.56 MB
CDS: on
 - commit_granule_bytes: 65536.
 - commit_granule_words: 8192.
 - virtual_space_node_default_size: 8388608.
 - enlarge_chunks_in_place: 1.
 - use_allocation_guard: 0.


Internal statistics:

num_allocs_failed_limit: 3.
num_arena_births: 964.
num_arena_deaths: 378.
num_vsnodes_births: 2.
num_vsnodes_deaths: 0.
num_space_committed: 534.
num_space_uncommitted: 0.
num_chunks_returned_to_freelist: 437.
num_chunks_taken_from_freelist: 2122.
num_chunk_merges: 110.
num_chunk_splits: 1384.
num_chunks_enlarged: 936.
num_inconsistent_stats: 0.

CodeCache: size=49152Kb used=10935Kb max_used=11498Kb free=38217Kb
 bounds [0x000002f30af90000, 0x000002f30bb20000, 0x000002f30df90000]
 total_blobs=6181 nmethods=5607 adapters=497
 compilation: enabled
              stopped_count=0, restarted_count=0
 full_count=0

Compilation events (20 events):
Event: 8877.628 Thread 0x000002f358500f80 nmethod 5668 0x000002f30b95a110 code [0x000002f30b95a2a0, 0x000002f30b95a3f8]
Event: 8877.628 Thread 0x000002f358500f80 5669       1       sun.nio.fs.WindowsFileAttributeViews$Basic::<init> (15 bytes)
Event: 8877.628 Thread 0x000002f358500f80 nmethod 5669 0x000002f30b959d90 code [0x000002f30b959f20, 0x000002f30b95a038]
Event: 8877.628 Thread 0x000002f358500f80 5670       1       java.util.zip.ZipFile::getName (5 bytes)
Event: 8877.628 Thread 0x000002f358500f80 nmethod 5670 0x000002f30b959a90 code [0x000002f30b959c20, 0x000002f30b959ce8]
Event: 8877.628 Thread 0x000002f3127b47a0 nmethod 5666 0x000002f30b958910 code [0x000002f30b958be0, 0x000002f30b959618]
Event: 8877.631 Thread 0x000002f358500f80 5671       1       java.time.LocalDateTime::getLong (47 bytes)
Event: 8877.631 Thread 0x000002f3127b47a0 5672       1       java.time.temporal.ChronoField::isTimeBased (19 bytes)
Event: 8877.631 Thread 0x000002f3127b47a0 nmethod 5672 0x000002f30b958610 code [0x000002f30b9587a0, 0x000002f30b958878]
Event: 8877.631 Thread 0x000002f3127b47a0 5673       1       java.time.format.DateTimePrintContext::getDecimalStyle (8 bytes)
Event: 8877.631 Thread 0x000002f3127b47a0 nmethod 5673 0x000002f30b958310 code [0x000002f30b9584a0, 0x000002f30b958570]
Event: 8877.631 Thread 0x000002f358500f80 nmethod 5671 0x000002f30b957d90 code [0x000002f30b957f60, 0x000002f30b9581c8]
Event: 8877.633 Thread 0x000002f358500f80 5674       1       java.lang.reflect.Constructor::getAnnotationBytes (5 bytes)
Event: 8877.633 Thread 0x000002f358500f80 nmethod 5674 0x000002f30b957a90 code [0x000002f30b957c20, 0x000002f30b957ce8]
Event: 8877.634 Thread 0x000002f358500f80 5675       1       java.util.List::of (64 bytes)
Event: 8877.634 Thread 0x000002f358500f80 nmethod 5675 0x000002f30b956f90 code [0x000002f30b9571c0, 0x000002f30b9577f0]
Event: 8877.636 Thread 0x000002f358500f80 5676       1       java.util.stream.SortedOps$OfRef::<init> (32 bytes)
Event: 8877.636 Thread 0x000002f358500f80 nmethod 5676 0x000002f30b956a10 code [0x000002f30b956be0, 0x000002f30b956e68]
Event: 8877.638 Thread 0x000002f358500f80 5677       1       org.apache.tomcat.util.collections.ManagedConcurrentWeakHashMap$Key::hashCode (5 bytes)
Event: 8877.638 Thread 0x000002f358500f80 nmethod 5677 0x000002f30b956710 code [0x000002f30b9568a0, 0x000002f30b956968]

GC Heap History (20 events):
Event: 3.930 GC heap before
{Heap before GC invocations=7 (full 0):
 garbage-first heap   total 51200K, used 37862K [0x00000000a1e00000, 0x0000000100000000)
  region size 1024K, 30 young (30720K), 4 survivors (4096K)
 Metaspace       used 25118K, committed 25664K, reserved 1114112K
  class space    used 3278K, committed 3520K, reserved 1048576K
}
Event: 3.937 GC heap after
{Heap after GC invocations=8 (full 0):
 garbage-first heap   total 61440K, used 12656K [0x00000000a1e00000, 0x0000000100000000)
  region size 1024K, 3 young (3072K), 3 survivors (3072K)
 Metaspace       used 25118K, committed 25664K, reserved 1114112K
  class space    used 3278K, committed 3520K, reserved 1048576K
}
Event: 4.526 GC heap before
{Heap before GC invocations=8 (full 0):
 garbage-first heap   total 61440K, used 46448K [0x00000000a1e00000, 0x0000000100000000)
  region size 1024K, 36 young (36864K), 3 survivors (3072K)
 Metaspace       used 28271K, committed 28864K, reserved 1114112K
  class space    used 3708K, committed 3968K, reserved 1048576K
}
Event: 4.532 GC heap after
{Heap after GC invocations=9 (full 0):
 garbage-first heap   total 61440K, used 14024K [0x00000000a1e00000, 0x0000000100000000)
  region size 1024K, 5 young (5120K), 5 survivors (5120K)
 Metaspace       used 28271K, committed 28864K, reserved 1114112K
  class space    used 3708K, committed 3968K, reserved 1048576K
}
Event: 4.978 GC heap before
{Heap before GC invocations=9 (full 0):
 garbage-first heap   total 61440K, used 45768K [0x00000000a1e00000, 0x0000000100000000)
  region size 1024K, 36 young (36864K), 5 survivors (5120K)
 Metaspace       used 30805K, committed 31424K, reserved 1114112K
  class space    used 4067K, committed 4352K, reserved 1048576K
}
Event: 4.986 GC heap after
{Heap after GC invocations=10 (full 0):
 garbage-first heap   total 61440K, used 15864K [0x00000000a1e00000, 0x0000000100000000)
  region size 1024K, 4 young (4096K), 4 survivors (4096K)
 Metaspace       used 30805K, committed 31424K, reserved 1114112K
  class space    used 4067K, committed 4352K, reserved 1048576K
}
Event: 205.339 GC heap before
{Heap before GC invocations=10 (full 0):
 garbage-first heap   total 61440K, used 42488K [0x00000000a1e00000, 0x0000000100000000)
  region size 1024K, 32 young (32768K), 4 survivors (4096K)
 Metaspace       used 33436K, committed 34112K, reserved 1114112K
  class space    used 4433K, committed 4736K, reserved 1048576K
}
Event: 205.380 GC heap after
{Heap after GC invocations=11 (full 1):
 garbage-first heap   total 51200K, used 14523K [0x00000000a1e00000, 0x0000000100000000)
  region size 1024K, 0 young (0K), 0 survivors (0K)
 Metaspace       used 33436K, committed 34112K, reserved 1114112K
  class space    used 4433K, committed 4736K, reserved 1048576K
}
Event: 207.109 GC heap before
{Heap before GC invocations=11 (full 1):
 garbage-first heap   total 51200K, used 44219K [0x00000000a1e00000, 0x0000000100000000)
  region size 1024K, 29 young (29696K), 0 survivors (0K)
 Metaspace       used 33468K, committed 34176K, reserved 1114112K
  class space    used 4441K, committed 4736K, reserved 1048576K
}
Event: 207.117 GC heap after
{Heap after GC invocations=12 (full 1):
 garbage-first heap   total 51200K, used 17088K [0x00000000a1e00000, 0x0000000100000000)
  region size 1024K, 3 young (3072K), 3 survivors (3072K)
 Metaspace       used 33468K, committed 34176K, reserved 1114112K
  class space    used 4441K, committed 4736K, reserved 1048576K
}
Event: 2113.096 GC heap before
{Heap before GC invocations=12 (full 1):
 garbage-first heap   total 51200K, used 43712K [0x00000000a1e00000, 0x0000000100000000)
  region size 1024K, 29 young (29696K), 3 survivors (3072K)
 Metaspace       used 33468K, committed 34176K, reserved 1114112K
  class space    used 4441K, committed 4736K, reserved 1048576K
}
Event: 2113.103 GC heap after
{Heap after GC invocations=13 (full 1):
 garbage-first heap   total 51200K, used 17206K [0x00000000a1e00000, 0x0000000100000000)
  region size 1024K, 1 young (1024K), 1 survivors (1024K)
 Metaspace       used 33468K, committed 34176K, reserved 1114112K
  class space    used 4441K, committed 4736K, reserved 1048576K
}
Event: 4053.940 GC heap before
{Heap before GC invocations=13 (full 1):
 garbage-first heap   total 51200K, used 43830K [0x00000000a1e00000, 0x0000000100000000)
  region size 1024K, 27 young (27648K), 1 survivors (1024K)
 Metaspace       used 33468K, committed 34176K, reserved 1114112K
  class space    used 4441K, committed 4736K, reserved 1048576K
}
Event: 4053.941 GC heap after
{Heap after GC invocations=14 (full 1):
 garbage-first heap   total 51200K, used 16836K [0x00000000a1e00000, 0x0000000100000000)
  region size 1024K, 1 young (1024K), 1 survivors (1024K)
 Metaspace       used 33468K, committed 34176K, reserved 1114112K
  class space    used 4441K, committed 4736K, reserved 1048576K
}
Event: 6065.552 GC heap before
{Heap before GC invocations=14 (full 1):
 garbage-first heap   total 51200K, used 44484K [0x00000000a1e00000, 0x0000000100000000)
  region size 1024K, 28 young (28672K), 1 survivors (1024K)
 Metaspace       used 33468K, committed 34176K, reserved 1114112K
  class space    used 4441K, committed 4736K, reserved 1048576K
}
Event: 6065.555 GC heap after
{Heap after GC invocations=15 (full 1):
 garbage-first heap   total 51200K, used 16757K [0x00000000a1e00000, 0x0000000100000000)
  region size 1024K, 1 young (1024K), 1 survivors (1024K)
 Metaspace       used 33468K, committed 34176K, reserved 1114112K
  class space    used 4441K, committed 4736K, reserved 1048576K
}
Event: 8430.790 GC heap before
{Heap before GC invocations=15 (full 1):
 garbage-first heap   total 51200K, used 44405K [0x00000000a1e00000, 0x0000000100000000)
  region size 1024K, 28 young (28672K), 1 survivors (1024K)
 Metaspace       used 33472K, committed 34176K, reserved 1114112K
  class space    used 4441K, committed 4736K, reserved 1048576K
}
Event: 8430.800 GC heap after
{Heap after GC invocations=16 (full 1):
 garbage-first heap   total 51200K, used 16911K [0x00000000a1e00000, 0x0000000100000000)
  region size 1024K, 1 young (1024K), 1 survivors (1024K)
 Metaspace       used 33472K, committed 34176K, reserved 1114112K
  class space    used 4441K, committed 4736K, reserved 1048576K
}
Event: 8875.726 GC heap before
{Heap before GC invocations=16 (full 1):
 garbage-first heap   total 51200K, used 24079K [0x00000000a1e00000, 0x0000000100000000)
  region size 1024K, 9 young (9216K), 1 survivors (1024K)
 Metaspace       used 33479K, committed 34176K, reserved 1114112K
  class space    used 4443K, committed 4736K, reserved 1048576K
}
Event: 8875.783 GC heap after
{Heap after GC invocations=17 (full 2):
 garbage-first heap   total 45056K, used 12105K [0x00000000a1e00000, 0x0000000100000000)
  region size 1024K, 0 young (0K), 0 survivors (0K)
 Metaspace       used 33111K, committed 34176K, reserved 1114112K
  class space    used 4348K, committed 4736K, reserved 1048576K
}

Dll operation events (12 events):
Event: 0.020 Loaded shared library C:\Program Files\Java\jdk-21\bin\java.dll
Event: 0.357 Loaded shared library C:\Program Files\Java\jdk-21\bin\zip.dll
Event: 0.368 Loaded shared library C:\Program Files\Java\jdk-21\bin\instrument.dll
Event: 0.377 Loaded shared library C:\Program Files\Java\jdk-21\bin\net.dll
Event: 0.379 Loaded shared library C:\Program Files\Java\jdk-21\bin\nio.dll
Event: 0.384 Loaded shared library C:\Program Files\Java\jdk-21\bin\zip.dll
Event: 0.662 Loaded shared library C:\Program Files\Java\jdk-21\bin\jimage.dll
Event: 0.717 Loaded shared library C:\Program Files\Java\jdk-21\bin\management.dll
Event: 0.728 Loaded shared library C:\Program Files\Java\jdk-21\bin\management_ext.dll
Event: 1.064 Loaded shared library C:\Program Files\Java\jdk-21\bin\extnet.dll
Event: 1.096 Loaded shared library C:\Program Files\Java\jdk-21\bin\verify.dll
Event: 2.931 Loaded shared library C:\Program Files\Java\jdk-21\bin\sunmscapi.dll

Deoptimization events (20 events):
Event: 8877.642 Thread 0x000002f359942510 DEOPT PACKING pc=0x000002f30b6bbddc sp=0x000000f4bacf9830
Event: 8877.642 Thread 0x000002f359942510 DEOPT UNPACKING pc=0x000002f30afe4e42 sp=0x000000f4bacf8d68 mode 1
Event: 8877.642 Thread 0x000002f359942510 DEOPT PACKING pc=0x000002f30b6bd0e4 sp=0x000000f4bacf9920
Event: 8877.642 Thread 0x000002f359942510 DEOPT UNPACKING pc=0x000002f30afe4e42 sp=0x000000f4bacf8ed0 mode 1
Event: 8877.642 Thread 0x000002f359942510 DEOPT PACKING pc=0x000002f30b6be714 sp=0x000000f4bacf9a90
Event: 8877.642 Thread 0x000002f359942510 DEOPT UNPACKING pc=0x000002f30afe4e42 sp=0x000000f4bacf9050 mode 1
Event: 8877.642 Thread 0x000002f359942510 DEOPT PACKING pc=0x000002f30b6bbddc sp=0x000000f4bacf9830
Event: 8877.642 Thread 0x000002f359942510 DEOPT UNPACKING pc=0x000002f30afe4e42 sp=0x000000f4bacf8d68 mode 1
Event: 8877.642 Thread 0x000002f359942510 DEOPT PACKING pc=0x000002f30b6bd0e4 sp=0x000000f4bacf9920
Event: 8877.642 Thread 0x000002f359942510 DEOPT UNPACKING pc=0x000002f30afe4e42 sp=0x000000f4bacf8ed0 mode 1
Event: 8877.642 Thread 0x000002f359942510 DEOPT PACKING pc=0x000002f30b6be714 sp=0x000000f4bacf9a90
Event: 8877.642 Thread 0x000002f359942510 DEOPT UNPACKING pc=0x000002f30afe4e42 sp=0x000000f4bacf9050 mode 1
Event: 8877.642 Thread 0x000002f359942510 DEOPT PACKING pc=0x000002f30b6bbddc sp=0x000000f4bacfcb70
Event: 8877.643 Thread 0x000002f359942510 DEOPT UNPACKING pc=0x000002f30afe4e42 sp=0x000000f4bacfc0a8 mode 1
Event: 8877.643 Thread 0x000002f359942510 DEOPT PACKING pc=0x000002f30b6bd0e4 sp=0x000000f4bacfcc60
Event: 8877.643 Thread 0x000002f359942510 DEOPT UNPACKING pc=0x000002f30afe4e42 sp=0x000000f4bacfc210 mode 1
Event: 8877.643 Thread 0x000002f359942510 DEOPT PACKING pc=0x000002f30b6be714 sp=0x000000f4bacfcdd0
Event: 8877.643 Thread 0x000002f359942510 DEOPT UNPACKING pc=0x000002f30afe4e42 sp=0x000000f4bacfc390 mode 1
Event: 8926.350 Thread 0x000002f359942510 DEOPT PACKING pc=0x000002f30b2a9f34 sp=0x000000f4bacfdad0
Event: 8926.350 Thread 0x000002f359942510 DEOPT UNPACKING pc=0x000002f30afe4e42 sp=0x000000f4bacfcf88 mode 0

Classes loaded (20 events):
Event: 205.313 Loading class java/net/Proxy$Type
Event: 205.313 Loading class java/net/Proxy$Type done
Event: 205.313 Loading class sun/net/spi/DefaultProxySelector$1
Event: 205.313 Loading class sun/net/spi/DefaultProxySelector$1 done
Event: 205.314 Loading class sun/net/spi/DefaultProxySelector$NonProxyInfo
Event: 205.314 Loading class sun/net/spi/DefaultProxySelector$NonProxyInfo done
Event: 205.314 Loading class sun/net/spi/DefaultProxySelector$3
Event: 205.314 Loading class sun/net/spi/DefaultProxySelector$3 done
Event: 205.336 Loading class java/util/WeakHashMap$KeyIterator
Event: 205.336 Loading class java/util/WeakHashMap$HashIterator
Event: 205.336 Loading class java/util/WeakHashMap$HashIterator done
Event: 205.336 Loading class java/util/WeakHashMap$KeyIterator done
Event: 205.382 Loading class java/lang/ref/Finalizer$2
Event: 205.383 Loading class java/lang/ref/Finalizer$2 done
Event: 205.383 Loading class java/lang/ref/Finalizer$1
Event: 205.383 Loading class java/lang/ref/Finalizer$1 done
Event: 205.788 Loading class java/util/WeakHashMap$EntrySet
Event: 205.788 Loading class java/util/WeakHashMap$EntrySet done
Event: 205.788 Loading class java/util/WeakHashMap$EntryIterator
Event: 205.788 Loading class java/util/WeakHashMap$EntryIterator done

Classes unloaded (20 events):
Event: 8875.745 Thread 0x000002f312783430 Unloading class 0x000002f3140c0800 'java/lang/invoke/LambdaForm$MH+0x000002f3140c0800'
Event: 8875.745 Thread 0x000002f312783430 Unloading class 0x000002f3140c0400 'java/lang/invoke/LambdaForm$DMH+0x000002f3140c0400'
Event: 8875.745 Thread 0x000002f312783430 Unloading class 0x000002f3140c0000 'java/lang/invoke/LambdaForm$DMH+0x000002f3140c0000'
Event: 8875.745 Thread 0x000002f312783430 Unloading class 0x000002f31400b800 'java/lang/invoke/LambdaForm$MH+0x000002f31400b800'
Event: 8875.745 Thread 0x000002f312783430 Unloading class 0x000002f31400ac00 'java/lang/invoke/LambdaForm$MH+0x000002f31400ac00'
Event: 8875.745 Thread 0x000002f312783430 Unloading class 0x000002f31400a800 'java/lang/invoke/LambdaForm$MH+0x000002f31400a800'
Event: 8875.745 Thread 0x000002f312783430 Unloading class 0x000002f31400a400 'java/lang/invoke/LambdaForm$MH+0x000002f31400a400'
Event: 8875.745 Thread 0x000002f312783430 Unloading class 0x000002f314009c00 'java/lang/invoke/LambdaForm$MH+0x000002f314009c00'
Event: 8875.745 Thread 0x000002f312783430 Unloading class 0x000002f314009000 'java/lang/invoke/LambdaForm$MH+0x000002f314009000'
Event: 8875.745 Thread 0x000002f312783430 Unloading class 0x000002f314008000 'java/lang/invoke/LambdaForm$MH+0x000002f314008000'
Event: 8875.745 Thread 0x000002f312783430 Unloading class 0x000002f314007c00 'java/lang/invoke/LambdaForm$MH+0x000002f314007c00'
Event: 8875.745 Thread 0x000002f312783430 Unloading class 0x000002f314007400 'java/lang/invoke/LambdaForm$MH+0x000002f314007400'
Event: 8875.745 Thread 0x000002f312783430 Unloading class 0x000002f314006c00 'java/lang/invoke/LambdaForm$MH+0x000002f314006c00'
Event: 8875.745 Thread 0x000002f312783430 Unloading class 0x000002f314006400 'java/lang/invoke/LambdaForm$MH+0x000002f314006400'
Event: 8875.745 Thread 0x000002f312783430 Unloading class 0x000002f314005c00 'java/lang/invoke/LambdaForm$MH+0x000002f314005c00'
Event: 8875.745 Thread 0x000002f312783430 Unloading class 0x000002f314005400 'java/lang/invoke/LambdaForm$MH+0x000002f314005400'
Event: 8875.745 Thread 0x000002f312783430 Unloading class 0x000002f314004000 'java/lang/invoke/LambdaForm$MH+0x000002f314004000'
Event: 8875.745 Thread 0x000002f312783430 Unloading class 0x000002f314003c00 'java/lang/invoke/LambdaForm$MH+0x000002f314003c00'
Event: 8875.745 Thread 0x000002f312783430 Unloading class 0x000002f314003800 'java/lang/invoke/LambdaForm$MH+0x000002f314003800'
Event: 8875.745 Thread 0x000002f312783430 Unloading class 0x000002f314003400 'java/lang/invoke/LambdaForm$MH+0x000002f314003400'

Classes redefined (6 events):
Event: 204.254 Thread 0x000002f312783430 redefined class name=com.lcwd.mvc.SpringMvcProject.controller.ApiController, count=1
Event: 8875.237 Thread 0x000002f312783430 redefined class name=com.lcwd.mvc.SpringMvcProject.controller.ApiController, count=1
Event: 8875.237 Thread 0x000002f312783430 redefined class name=com.lcwd.mvc.SpringMvcProject.controller.ApiController, count=2
Event: 8926.375 Thread 0x000002f312783430 redefined class name=com.lcwd.mvc.SpringMvcProject.controller.ApiController, count=1
Event: 8926.375 Thread 0x000002f312783430 redefined class name=com.lcwd.mvc.SpringMvcProject.controller.ApiController, count=2
Event: 8926.375 Thread 0x000002f312783430 redefined class name=com.lcwd.mvc.SpringMvcProject.controller.ApiController, count=3

Internal exceptions (20 events):
Event: 5.316 Thread 0x000002f359bde6f0 Exception <a 'java/lang/NoSuchMethodError'{0x00000000a4ff1ba8}: 'void java.lang.invoke.DirectMethodHandle$Holder.invokeInterface(java.lang.Object, java.lang.Object)'> (0x00000000a4ff1ba8) 
thrown [s\open\src\hotspot\share\interpreter\linkResolver.cpp, line 773]
Event: 18.056 Thread 0x000002f359942ba0 Exception <a 'java/lang/NoSuchMethodError'{0x00000000a4adac70}: 'java.lang.Object java.lang.invoke.DirectMethodHandle$Holder.invokeSpecial(java.lang.Object, java.lang.Object, java.lang.Object, java.lang.Object, java.lang.Object, long)'> (0x00000000a4adac70) 
thrown [s\open\src\hotspot\share\interpreter\linkResolver.cpp, line 773]
Event: 18.056 Thread 0x000002f359942ba0 Exception <a 'java/lang/NoSuchMethodError'{0x00000000a4ade430}: 'java.lang.Object java.lang.invoke.Invokers$Holder.linkToTargetMethod(java.lang.Object, java.lang.Object, java.lang.Object, long, java.lang.Object)'> (0x00000000a4ade430) 
thrown [s\open\src\hotspot\share\interpreter\linkResolver.cpp, line 773]
Event: 205.305 Thread 0x000002f359940ad0 Exception <a 'java/lang/NoSuchMethodError'{0x00000000a3c35328}: 'java.lang.Object java.lang.invoke.DirectMethodHandle$Holder.newInvokeSpecial(java.lang.Object, java.lang.Object, int, java.lang.Object)'> (0x00000000a3c35328) 
thrown [s\open\src\hotspot\share\interpreter\linkResolver.cpp, line 773]
Event: 205.305 Thread 0x000002f359940ad0 Exception <a 'java/lang/NoSuchMethodError'{0x00000000a3c389d8}: 'java.lang.Object java.lang.invoke.Invokers$Holder.linkToTargetMethod(java.lang.Object, int, java.lang.Object, java.lang.Object)'> (0x00000000a3c389d8) 
thrown [s\open\src\hotspot\share\interpreter\linkResolver.cpp, line 773]
Event: 205.337 Thread 0x000002f3599417f0 Exception <a 'java/lang/InterruptedException'{0x00000000a3cdf830}: sleep interrupted> (0x00000000a3cdf830) 
thrown [s\open\src\hotspot\share\prims\jvm.cpp, line 3074]
Event: 205.406 Thread 0x000002f359945300 Exception <a 'sun/nio/fs/WindowsException'{0x00000000a4f83668}> (0x00000000a4f83668) 
thrown [s\open\src\hotspot\share\prims\jni.cpp, line 520]
Event: 205.799 Thread 0x000002f359945300 Exception <a 'java/lang/NoClassDefFoundError'{0x00000000a3f9b7e8}: org/flywaydb/core/Flyway> (0x00000000a3f9b7e8) 
thrown [s\open\src\hotspot\share\oops\constantPool.cpp, line 871]
Event: 205.802 Thread 0x000002f359945300 Exception <a 'java/lang/NoClassDefFoundError'{0x00000000a3f9be48}: liquibase/integration/spring/SpringLiquibase> (0x00000000a3f9be48) 
thrown [s\open\src\hotspot\share\oops\constantPool.cpp, line 871]
Event: 205.875 Thread 0x000002f359945300 Exception <a 'java/io/FileNotFoundException'{0x00000000a3b7f200}> (0x00000000a3b7f200) 
thrown [s\open\src\hotspot\share\prims\jni.cpp, line 520]
Event: 205.896 Thread 0x000002f359945300 Exception <a 'java/io/FileNotFoundException'{0x00000000a3a68d90}> (0x00000000a3a68d90) 
thrown [s\open\src\hotspot\share\prims\jni.cpp, line 520]
Event: 8875.724 Thread 0x000002f359941160 Exception <a 'java/lang/InterruptedException'{0x00000000a4800040}: sleep interrupted> (0x00000000a4800040) 
thrown [s\open\src\hotspot\share\prims\jvm.cpp, line 3074]
Event: 8875.910 Thread 0x000002f359942510 Exception <a 'sun/nio/fs/WindowsException'{0x00000000a499f210}> (0x00000000a499f210) 
thrown [s\open\src\hotspot\share\prims\jni.cpp, line 520]
Event: 8876.384 Thread 0x000002f359942510 Exception <a 'java/lang/NoClassDefFoundError'{0x00000000a388a520}: org/flywaydb/core/Flyway> (0x00000000a388a520) 
thrown [s\open\src\hotspot\share\oops\constantPool.cpp, line 871]
Event: 8877.549 Thread 0x000002f359942510 Exception <a 'java/lang/NoClassDefFoundError'{0x00000000a388ab80}: liquibase/integration/spring/SpringLiquibase> (0x00000000a388ab80) 
thrown [s\open\src\hotspot\share\oops\constantPool.cpp, line 871]
Event: 8877.556 Thread 0x000002f359942510 Exception <a 'java/lang/NoSuchMethodError'{0x00000000a38f7f78}: 'void java.lang.invoke.DelegatingMethodHandle$Holder.reinvoke_L(java.lang.Object, java.lang.Object, int)'> (0x00000000a38f7f78) 
thrown [s\open\src\hotspot\share\interpreter\linkResolver.cpp, line 773]
Event: 8877.606 Thread 0x000002f359942510 Exception <a 'java/lang/NoSuchMethodError'{0x00000000a34ea048}: 'int java.lang.invoke.DirectMethodHandle$Holder.invokeVirtual(java.lang.Object, java.lang.Object, java.lang.Object, java.lang.Object)'> (0x00000000a34ea048) 
thrown [s\open\src\hotspot\share\interpreter\linkResolver.cpp, line 773]
Event: 8877.606 Thread 0x000002f359942510 Exception <a 'java/lang/NoSuchMethodError'{0x00000000a34ed630}: 'int java.lang.invoke.DelegatingMethodHandle$Holder.reinvoke_L(java.lang.Object, java.lang.Object, java.lang.Object, java.lang.Object)'> (0x00000000a34ed630) 
thrown [s\open\src\hotspot\share\interpreter\linkResolver.cpp, line 773]
Event: 8877.618 Thread 0x000002f359942510 Exception <a 'java/io/FileNotFoundException'{0x00000000a3346958}> (0x00000000a3346958) 
thrown [s\open\src\hotspot\share\prims\jni.cpp, line 520]
Event: 8877.637 Thread 0x000002f359942510 Exception <a 'java/io/FileNotFoundException'{0x00000000a3227c30}> (0x00000000a3227c30) 
thrown [s\open\src\hotspot\share\prims\jni.cpp, line 520]

ZGC Phase Switch (0 events):
No events

VM Operations (20 events):
Event: 8877.804 Executing VM operation: Cleanup
Event: 8877.804 Executing VM operation: Cleanup done
Event: 8883.294 Executing VM operation: get/set locals
Event: 8883.294 Executing VM operation: get/set locals done
Event: 8883.338 Executing VM operation: GetObjectMonitorUsage
Event: 8883.339 Executing VM operation: GetObjectMonitorUsage done
Event: 8883.339 Executing VM operation: GetObjectMonitorUsage
Event: 8883.339 Executing VM operation: GetObjectMonitorUsage done
Event: 8923.835 Executing VM operation: HandshakeAllThreads (HandshakeForDeflation)
Event: 8923.835 Executing VM operation: HandshakeAllThreads (HandshakeForDeflation) done
Event: 8923.835 Executing VM operation: RendezvousGCThreads
Event: 8923.835 Executing VM operation: RendezvousGCThreads done
Event: 8926.349 Executing VM operation: ChangeSingleStep
Event: 8926.350 Executing VM operation: ChangeSingleStep done
Event: 8926.350 Executing VM operation: ChangeSingleStep
Event: 8926.350 Executing VM operation: ChangeSingleStep done
Event: 8926.366 Executing VM operation: RedefineClasses
Event: 8926.393 Executing VM operation: RedefineClasses done
Event: 8926.397 Executing VM operation: ChangeSingleStep
Event: 8926.397 Executing VM operation: ChangeSingleStep done

Events (20 events):
Event: 8875.757 Thread 0x000002f312783430 flushing nmethod 0x000002f30b677290
Event: 8875.757 Thread 0x000002f312783430 flushing nmethod 0x000002f30b4dbf10
Event: 8875.757 Thread 0x000002f312783430 flushing nmethod 0x000002f30b4d4490
Event: 8875.757 Thread 0x000002f312783430 flushing nmethod 0x000002f30b475710
Event: 8875.758 Thread 0x000002f312783430 flushing nmethod 0x000002f30b475190
Event: 8875.758 Thread 0x000002f312783430 flushing nmethod 0x000002f30b2b0310
Event: 8875.758 Thread 0x000002f312783430 flushing nmethod 0x000002f30b230d10
Event: 8875.758 Thread 0x000002f312783430 flushing nmethod 0x000002f30b1c8310
Event: 8875.783 Thread 0x000002f359946020 Thread added: 0x000002f359946020
Event: 8875.783 Thread 0x000002f3599445e0 Thread exited: 0x000002f3599445e0
Event: 8875.784 Thread 0x000002f359946020 Thread exited: 0x000002f359946020
Event: 8875.784 Thread 0x000002f359942510 Thread added: 0x000002f359942510
Event: 8875.785 Thread 0x000002f359942ba0 Thread exited: 0x000002f359942ba0
Event: 8876.000 Thread 0x000002f359941160 Thread added: 0x000002f359941160
Event: 8876.056 Thread 0x000002f359941160 Thread exited: 0x000002f359941160
Event: 8876.152 Thread 0x000002f358500f80 Thread added: 0x000002f358500f80
Event: 8877.638 Thread 0x000002f3599445e0 Thread added: 0x000002f3599445e0
Event: 8877.638 Thread 0x000002f359946020 Thread added: 0x000002f359946020
Event: 8877.638 Thread 0x000002f359941160 Thread added: 0x000002f359941160
Event: 8882.649 Thread 0x000002f358500f80 Thread exited: 0x000002f358500f80


Dynamic libraries:
0x00007ff7f6270000 - 0x00007ff7f6280000 	C:\Program Files\Java\jdk-21\bin\javaw.exe
0x00007fff07af0000 - 0x00007fff07d07000 	C:\WINDOWS\SYSTEM32\ntdll.dll
0x00007fff05840000 - 0x00007fff05904000 	C:\WINDOWS\System32\KERNEL32.DLL
0x00007fff05410000 - 0x00007fff057b6000 	C:\WINDOWS\System32\KERNELBASE.dll
0x00007fff04fa0000 - 0x00007fff050b1000 	C:\WINDOWS\System32\ucrtbase.dll
0x00007ffef2b00000 - 0x00007ffef2b19000 	C:\Program Files\Java\jdk-21\bin\jli.dll
0x00007ffef2b20000 - 0x00007ffef2b3b000 	C:\Program Files\Java\jdk-21\bin\VCRUNTIME140.dll
0x00007fff06ca0000 - 0x00007fff06d51000 	C:\WINDOWS\System32\ADVAPI32.dll
0x00007fff07a00000 - 0x00007fff07aa7000 	C:\WINDOWS\System32\msvcrt.dll
0x00007fff06d60000 - 0x00007fff06e05000 	C:\WINDOWS\System32\sechost.dll
0x00007fff060e0000 - 0x00007fff061f7000 	C:\WINDOWS\System32\RPCRT4.dll
0x00007fff05e30000 - 0x00007fff05fde000 	C:\WINDOWS\System32\USER32.dll
0x00007fff04e60000 - 0x00007fff04e86000 	C:\WINDOWS\System32\win32u.dll
0x00007fff059e0000 - 0x00007fff05a09000 	C:\WINDOWS\System32\GDI32.dll
0x00007ffef59c0000 - 0x00007ffef5c53000 	C:\WINDOWS\WinSxS\amd64_microsoft.windows.common-controls_6595b64144ccf1df_6.0.22621.2506_none_270c5ae97388e100\COMCTL32.dll
0x00007fff050c0000 - 0x00007fff051d8000 	C:\WINDOWS\System32\gdi32full.dll
0x00007fff04e90000 - 0x00007fff04f2a000 	C:\WINDOWS\System32\msvcp_win.dll
0x00007ffefd520000 - 0x00007ffefd52a000 	C:\WINDOWS\SYSTEM32\VERSION.dll
0x00007fff05a10000 - 0x00007fff05a41000 	C:\WINDOWS\System32\IMM32.DLL
0x00007fff01c30000 - 0x00007fff01c3c000 	C:\Program Files\Java\jdk-21\bin\vcruntime140_1.dll
0x00007ffed2060000 - 0x00007ffed20ee000 	C:\Program Files\Java\jdk-21\bin\msvcp140.dll
0x00007ffeb77c0000 - 0x00007ffeb84d7000 	C:\Program Files\Java\jdk-21\bin\server\jvm.dll
0x00007fff05db0000 - 0x00007fff05e21000 	C:\WINDOWS\System32\WS2_32.dll
0x00007fff04d30000 - 0x00007fff04d7d000 	C:\WINDOWS\SYSTEM32\POWRPROF.dll
0x00007ffefd560000 - 0x00007ffefd594000 	C:\WINDOWS\SYSTEM32\WINMM.dll
0x00007fff04d10000 - 0x00007fff04d23000 	C:\WINDOWS\SYSTEM32\UMPDC.dll
0x00007fff03e60000 - 0x00007fff03e78000 	C:\WINDOWS\SYSTEM32\kernel.appcore.dll
0x00007ffeff720000 - 0x00007ffeff72a000 	C:\Program Files\Java\jdk-21\bin\jimage.dll
0x00007fff02880000 - 0x00007fff02ab3000 	C:\WINDOWS\SYSTEM32\DBGHELP.DLL
0x00007fff068f0000 - 0x00007fff06c79000 	C:\WINDOWS\System32\combase.dll
0x00007fff078a0000 - 0x00007fff07977000 	C:\WINDOWS\System32\OLEAUT32.dll
0x00007ffeeabd0000 - 0x00007ffeeac02000 	C:\WINDOWS\SYSTEM32\dbgcore.DLL
0x00007fff057c0000 - 0x00007fff0583a000 	C:\WINDOWS\System32\bcryptPrimitives.dll
0x00007ffeee0d0000 - 0x00007ffeee10c000 	C:\Program Files\Java\jdk-21\bin\jdwp.dll
0x00007ffefee10000 - 0x00007ffefee1f000 	C:\Program Files\Java\jdk-21\bin\instrument.dll
0x00007ffef2ae0000 - 0x00007ffef2aff000 	C:\Program Files\Java\jdk-21\bin\java.dll
0x00007fff06e90000 - 0x00007fff076ea000 	C:\WINDOWS\System32\SHELL32.dll
0x00007fff02d80000 - 0x00007fff03676000 	C:\WINDOWS\SYSTEM32\windows.storage.dll
0x00007fff02c40000 - 0x00007fff02d7e000 	C:\WINDOWS\SYSTEM32\wintypes.dll
0x00007fff077a0000 - 0x00007fff07893000 	C:\WINDOWS\System32\SHCORE.dll
0x00007fff06290000 - 0x00007fff062ee000 	C:\WINDOWS\System32\shlwapi.dll
0x00007fff04d90000 - 0x00007fff04db6000 	C:\WINDOWS\SYSTEM32\profapi.dll
0x00007ffefd7a0000 - 0x00007ffefd7ac000 	C:\Program Files\Java\jdk-21\bin\dt_socket.dll
0x00007fff038e0000 - 0x00007fff0390d000 	C:\WINDOWS\SYSTEM32\IPHLPAPI.DLL
0x00007fff042e0000 - 0x00007fff04349000 	C:\WINDOWS\system32\mswsock.dll
0x00007fff03950000 - 0x00007fff03a49000 	C:\WINDOWS\SYSTEM32\DNSAPI.dll
0x00007fff06770000 - 0x00007fff06779000 	C:\WINDOWS\System32\NSI.dll
0x00007ffef2c90000 - 0x00007ffef2c9a000 	C:\Windows\System32\rasadhlp.dll
0x00007ffefc400000 - 0x00007ffefc483000 	C:\WINDOWS\System32\fwpuclnt.dll
0x00007ffef18e0000 - 0x00007ffef18f8000 	C:\Program Files\Java\jdk-21\bin\zip.dll
0x00007ffef6960000 - 0x00007ffef6970000 	C:\Program Files\Java\jdk-21\bin\net.dll
0x00007ffefdd40000 - 0x00007ffefde77000 	C:\WINDOWS\SYSTEM32\WINHTTP.dll
0x00007ffef10b0000 - 0x00007ffef10c6000 	C:\Program Files\Java\jdk-21\bin\nio.dll
0x00007ffef36e0000 - 0x00007ffef36ea000 	C:\Program Files\Java\jdk-21\bin\management.dll
0x00007ffef2ad0000 - 0x00007ffef2adb000 	C:\Program Files\Java\jdk-21\bin\management_ext.dll
0x00007fff06e80000 - 0x00007fff06e88000 	C:\WINDOWS\System32\PSAPI.DLL
0x00007ffee1380000 - 0x00007ffee1397000 	C:\WINDOWS\system32\napinsp.dll
0x00007ffee04c0000 - 0x00007ffee04db000 	C:\WINDOWS\system32\pnrpnsp.dll
0x00007ffee04a0000 - 0x00007ffee04b1000 	C:\WINDOWS\System32\winrnr.dll
0x00007ffee0480000 - 0x00007ffee0495000 	C:\WINDOWS\system32\wshbth.dll
0x00007ffee0450000 - 0x00007ffee0471000 	C:\WINDOWS\system32\nlansp_c.dll
0x00007fff04530000 - 0x00007fff0454b000 	C:\WINDOWS\SYSTEM32\CRYPTSP.dll
0x00007fff03dc0000 - 0x00007fff03df5000 	C:\WINDOWS\system32\rsaenh.dll
0x00007fff043d0000 - 0x00007fff043fc000 	C:\WINDOWS\SYSTEM32\USERENV.dll
0x00007fff04720000 - 0x00007fff04748000 	C:\WINDOWS\SYSTEM32\bcrypt.dll
0x00007fff04550000 - 0x00007fff0455c000 	C:\WINDOWS\SYSTEM32\CRYPTBASE.dll
0x00007ffef1930000 - 0x00007ffef1939000 	C:\Program Files\Java\jdk-21\bin\extnet.dll
0x00007ffef0fe0000 - 0x00007ffef0ff0000 	C:\Program Files\Java\jdk-21\bin\verify.dll
0x00007ffef0fd0000 - 0x00007ffef0fde000 	C:\Program Files\Java\jdk-21\bin\sunmscapi.dll
0x00007fff052a0000 - 0x00007fff05406000 	C:\WINDOWS\System32\CRYPT32.dll
0x00007fff046f0000 - 0x00007fff0471d000 	C:\WINDOWS\SYSTEM32\ncrypt.dll
0x00007fff046b0000 - 0x00007fff046e7000 	C:\WINDOWS\SYSTEM32\NTASN1.dll
0x00007ffef0e30000 - 0x00007ffef0e38000 	C:\WINDOWS\system32\wshunix.dll

dbghelp: loaded successfully - version: 4.0.5 - missing functions: none
symbol engine: initialized successfully - sym options: 0x614 - pdb path: .;C:\Program Files\Java\jdk-21\bin;C:\WINDOWS\SYSTEM32;C:\WINDOWS\WinSxS\amd64_microsoft.windows.common-controls_6595b64144ccf1df_6.0.22621.2506_none_270c5ae97388e100;C:\Program Files\Java\jdk-21\bin\server

VM Arguments:
jvm_args: -XX:+ShowCodeDetailsInExceptionMessages -agentlib:jdwp=transport=dt_socket,suspend=y,address=localhost:63943 -Dcom.sun.management.jmxremote -Dcom.sun.management.jmxremote.port=63942 -Dcom.sun.management.jmxremote.authenticate=false -Dcom.sun.management.jmxremote.ssl=false -Djava.rmi.server.hostname=localhost -Dspring.jmx.enabled=true -Dmanagement.endpoints.jmx.exposure.include=* -Dspring.application.admin.enabled=true -XX:TieredStopAtLevel=1 -Dspring.boot.project.name=SpringMvcProject -javaagent:C:\Users\Sweeti Pal\Downloads\sts-4.19.0.RELEASE\configuration\org.eclipse.osgi\267\0\.cp\lib\javaagent-shaded.jar -Dfile.encoding=UTF-8 
java_command: com.lcwd.mvc.SpringMvcProject.SpringMvcProjectApplication --spring.output.ansi.enabled=always
java_class_path (initial): E:\Master SpringBoot With Project (LCWD)\SpringMvcProject\target\classes;C:\Users\Sweeti Pal\.m2\repository\org\springframework\boot\spring-boot-starter-thymeleaf\3.2.4\spring-boot-starter-thymeleaf-3.2.4.jar;C:\Users\Sweeti Pal\.m2\repository\org\springframework\boot\spring-boot-starter\3.2.4\spring-boot-starter-3.2.4.jar;C:\Users\Sweeti Pal\.m2\repository\org\springframework\boot\spring-boot-starter-logging\3.2.4\spring-boot-starter-logging-3.2.4.jar;C:\Users\Sweeti Pal\.m2\repository\ch\qos\logback\logback-classic\1.4.14\logback-classic-1.4.14.jar;C:\Users\Sweeti Pal\.m2\repository\ch\qos\logback\logback-core\1.4.14\logback-core-1.4.14.jar;C:\Users\Sweeti Pal\.m2\repository\org\apache\logging\log4j\log4j-to-slf4j\2.21.1\log4j-to-slf4j-2.21.1.jar;C:\Users\Sweeti Pal\.m2\repository\org\apache\logging\log4j\log4j-api\2.21.1\log4j-api-2.21.1.jar;C:\Users\Sweeti Pal\.m2\repository\org\slf4j\jul-to-slf4j\2.0.12\jul-to-slf4j-2.0.12.jar;C:\Users\Sweeti Pal\.m2\repository\jakarta\annotation\jakarta.annotation-api\2.1.1\jakarta.annotation-api-2.1.1.jar;C:\Users\Sweeti Pal\.m2\repository\org\yaml\snakeyaml\2.2\snakeyaml-2.2.jar;C:\Users\Sweeti Pal\.m2\repository\org\thymeleaf\thymeleaf-spring6\3.1.2.RELEASE\thymeleaf-spring6-3.1.2.RELEASE.jar;C:\Users\Sweeti Pal\.m2\repository\org\thymeleaf\thymeleaf\3.1.2.RELEASE\thymeleaf-3.1.2.RELEASE.jar;C:\Users\Sweeti Pal\.m2\repository\org\attoparser\attoparser\2.0.7.RELEASE\attoparser-2.0.7.RELEASE.jar;C:\Users\Sweeti Pal\.m2\repository\org\unbescape\unbescape\1.1.6.RELEASE\unbescape-1.1.6.RELEASE.jar;C:\Users\Sweeti Pal\.m2\repository\org\slf4j\slf4j-api\2.0.12\slf4j-api-2.0.12.jar;C:\Users\Sweeti Pal\.m2\repository\org\springframework\boot\spring-boot-starter-web\3.2.4\spring-boot-starter-web-3.2.4.jar;C:\Users\Sweeti Pal\.m2\repository\org\springframework\boot\spring-boot-starter-json\3.2.4\spring-boot-starter-json-3.2.4.jar;C:\Users\Sweeti Pal\.m2\repository\com\fasterxml\jackson\core\jackson-databind\2.15.4\jackson-databind-2.15.4.jar;C:\Users\Sweeti Pal\.m2\repository\com\fasterxml\jackson\core\jackson-annotations\2.15.4\jackson-annotations-2.15.4.jar;C:\Users\Sweeti Pal\.m2\repository\com\fasterxml\jackson\core\jackson-core\2.15.4\jackson-core-2.15.4.jar;C:\Users\Sweeti Pal\.m2\repository\com\fasterxml\jackson\datatype\jackson-datatype-jdk8\2.15.4\jackson-datatype-jdk8-2.15.4.jar;C:\Users\Sweeti Pal\.m2\repository\com\fasterxml\jackson\datatype\jackson-datatype-jsr310\2.15.4\jackson-datatype-jsr310-2.15.4.jar;C:\Users\Sweeti Pal\.m2\repository\com\fasterxml\jackson\module\jackson-module-parameter-names\2.15.4\jackson-module-parameter-names-2.15.4.jar;C:\Users\Sweeti Pal\.m2\repository\org\springframework\boot\spring-boot-starter-tomcat\3.2.4\spring-boot-starter-tomcat-3.2.4.jar;C:\Users\Sweeti Pal\.m2\repository\org\apache\tomcat\embed\tomcat-embed-core\10.1.19\tomcat-embed-core-10.1.19.jar;C:\Users\Sweeti Pal\.m2\repository\org\apache\tomcat\embed\tomcat-embed-el\10.1.19\tomcat-embed-el-10.1.19.jar;C:\Users\Sweeti Pal\.m2\repository\org\apache\tomcat\embed\tomcat-embed-websocket\10.1.19\tomcat-embed-websocket-10.1.19.jar;C:\Users\Sweeti Pal\.m2\repository\org\springframework\spring-web\6.1.5\spring-web-6.1.5.jar;C:\Users\Sweeti Pal\.m2\repository\org\springframework\spring-beans\6.1.5\spring-beans-6.1.5.jar;C:\Users\Sweeti Pal\.m2\repository\io\micrometer\micrometer-observation\1.12.4\micrometer-observation-1.12.4.jar;C:\Users\Sweeti Pal\.m2\repository\io\micrometer\micrometer-commons\1.12.4\micrometer-commons-1.12.4.jar;C:\Users\Sweeti Pal\.m2\repository\org\springframework\spring-webmvc\6.1.5\spring-webmvc-6.1.5.jar;C:\Users\Sweeti Pal\.m2\repository\org\springframework\spring-aop\6.1.5\spring-aop-6.1.5.jar;C:\Users\Sweeti Pal\.m2\repository\org\springframework\spring-context\6.1.5\spring-context-6.1.5.jar;C:\Users\Sweeti Pal\.m2\repository\org\springframework\spring-expression\6.1.5\spring-expression-6.1.5.jar;C:\Users\Sweeti Pal\.m2\repository\org\springframework\boot\spring-boot-devtools\3.2.4\spring-boot-devtools-3.2.4.jar;C:\Users\Sweeti Pal\.m2\repository\org\springframework\boot\spring-boot\3.2.4\spring-boot-3.2.4.jar;C:\Users\Sweeti Pal\.m2\repository\org\springframework\boot\spring-boot-autoconfigure\3.2.4\spring-boot-autoconfigure-3.2.4.jar;C:\Users\Sweeti Pal\.m2\repository\org\springframework\spring-core\6.1.5\spring-core-6.1.5.jar;C:\Users\Sweeti Pal\.m2\repository\org\springframework\spring-jcl\6.1.5\spring-jcl-6.1.5.jar
Launcher Type: SUN_STANDARD

[Global flags]
     intx CICompilerCount                          = 3                                         {product} {ergonomic}
     uint ConcGCThreads                            = 1                                         {product} {ergonomic}
     uint G1ConcRefinementThreads                  = 4                                         {product} {ergonomic}
   size_t G1HeapRegionSize                         = 1048576                                   {product} {ergonomic}
    uintx GCDrainStackTargetSize                   = 64                                        {product} {ergonomic}
   size_t InitialHeapSize                          = 100663296                                 {product} {ergonomic}
     bool ManagementServer                         = true                                      {product} {command line}
   size_t MarkStackSize                            = 4194304                                   {product} {ergonomic}
   size_t MaxHeapSize                              = 1579155456                                {product} {ergonomic}
   size_t MaxNewSize                               = 946864128                                 {product} {ergonomic}
   size_t MinHeapDeltaBytes                        = 1048576                                   {product} {ergonomic}
   size_t MinHeapSize                              = 8388608                                   {product} {ergonomic}
    uintx NonNMethodCodeHeapSize                   = 4096                                   {pd product} {ergonomic}
    uintx NonProfiledCodeHeapSize                  = 0                                      {pd product} {ergonomic}
     bool ProfileInterpreter                       = false                                  {pd product} {command line}
    uintx ProfiledCodeHeapSize                     = 0                                      {pd product} {ergonomic}
     bool ShowCodeDetailsInExceptionMessages       = true                                   {manageable} {command line}
   size_t SoftMaxHeapSize                          = 1579155456                             {manageable} {ergonomic}
     intx TieredStopAtLevel                        = 1                                         {product} {command line}
     bool UseCompressedOops                        = true                           {product lp64_product} {ergonomic}
     bool UseG1GC                                  = true                                      {product} {ergonomic}
     bool UseLargePagesIndividualAllocation        = false                                  {pd product} {ergonomic}

Logging:
Log output configuration:
 #0: stdout all=warning uptime,level,tags foldmultilines=false
 #1: stderr all=off uptime,level,tags foldmultilines=false

Environment Variables:
CLASSPATH=C:\Program Files\Java\jdk-1.8\lib
PATH=C:/Users/Sweeti Pal/Downloads/sts-4.19.0.RELEASE//plugins/org.eclipse.justj.openjdk.hotspot.jre.full.win32.x86_64_17.0.7.v20230425-1502/jre/bin/server;C:/Users/Sweeti Pal/Downloads/sts-4.19.0.RELEASE//plugins/org.eclipse.justj.openjdk.hotspot.jre.full.win32.x86_64_17.0.7.v20230425-1502/jre/bin;C:\Program Files\Common Files\Oracle\Java\javapath;C:\Program Files (x86)\Common Files\Oracle\Java\javapath;C:\WINDOWS\system32;C:\WINDOWS;C:\WINDOWS\System32\Wbem;C:\WINDOWS\System32\WindowsPowerShell\v1.0\;C:\WINDOWS\System32\OpenSSH\;C:\Program Files\Git\cmd;C:\Program Files\nodejs\;C:\ProgramData\chocolatey\bin;;C:\TDM-GCC-64\bin;C:\Program Files (x86)\Microsoft SQL Server\160\Tools\Binn\;C:\Program Files\Microsoft SQL Server\160\Tools\Binn\;C:\Program Files\Microsoft SQL Server\Client SDK\ODBC\170\Tools\Binn\;C:\Program Files\Microsoft SQL Server\160\DTS\Binn\;C:\Program Files\Azure Data Studio\bin;C:\Program Files\TortoiseSVN\bin;C:\Users\Sweeti Pal\AppData\Local\Programs\Microsoft VS Code\bin;C:\Program Files\JetBrains\IntelliJ IDEA Community Edition 2023.3.4\bin;;;C:\Users\Sweeti Pal\Downloads\sts-4.19.0.RELEASE;
USERNAME=Sweeti Pal
OS=Windows_NT
PROCESSOR_IDENTIFIER=AMD64 Family 23 Model 24 Stepping 1, AuthenticAMD
TMP=C:\Users\SWEETI~1\AppData\Local\Temp
TEMP=C:\Users\SWEETI~1\AppData\Local\Temp




Periodic native trim disabled

---------------  S Y S T E M  ---------------

OS:
 Windows 11 , 64 bit Build 22621 (10.0.22621.2506)
OS uptime: 1 days 15:11 hours

CPU: total 4 (initial active 4) (4 cores per cpu, 2 threads per core) family 23 model 24 stepping 1 microcode 0x0, cx8, cmov, fxsr, ht, mmx, 3dnowpref, sse, sse2, sse3, ssse3, sse4a, sse4.1, sse4.2, popcnt, lzcnt, tsc, tscinvbit, avx, avx2, aes, clmul, bmi1, bmi2, adx, sha, fma, vzeroupper, clflush, clflushopt, rdtscp, f16c
Processor Information for all 4 processors :
  Max Mhz: 2600, Current Mhz: 2600, Mhz Limit: 2600

Memory: 4k page, system-wide physical 6020M (669M free)
TotalPageFile size 22404M (AvailPageFile size 9152M)
current process WorkingSet (physical memory assigned to process): 134M, peak: 164M
current process commit charge ("private bytes"): 179M, peak: 209M

vm_info: Java HotSpot(TM) 64-Bit Server VM (21.0.2+13-LTS-58) for windows-amd64 JRE (21.0.2+13-LTS-58), built on 2024-01-05T18:32:24Z by "mach5one" with MS VC++ 17.1 (VS2022)

END.
